gi|5869814|emb|AJ249395.1|	gi|5869814|emb|AJ249395.1|	100.00	9428	0	0	1	9428	1	9428	0.0	17367	9428	9428	100	100
gi|5869814|emb|AJ249395.1|	gi|108885494|gb|DQ631912.1|	97.93	4785	45	32	4667	9401	871	5651	0.0	 8253	9428	6400	54	50
gi|5869814|emb|AJ249395.1|	gi|108885494|gb|DQ631912.1|	97.45	863	17	4	4296	5157	12	870	0.0	 1467	9428	6400	54	9
gi|5869814|emb|AJ249395.1|	gi|108885493|gb|DQ631911.1|	97.65	3325	67	10	1	3320	1	3319	0.0	 5703	9428	7511	69	35
gi|5869814|emb|AJ249395.1|	gi|108885493|gb|DQ631911.1|	91.62	2328	122	54	7144	9428	5214	7511	0.0	 3160	9428	7511	69	24
gi|5869814|emb|AJ249395.1|	gi|108885493|gb|DQ631911.1|	97.49	917	14	6	3297	4212	3421	4329	0.0	 1557	9428	7511	69	10
gi|5869814|emb|AJ249395.1|	gi|129562010|gb|EF462976.1|	91.84	2477	118	54	6959	9386	3437	5878	0.0	 3386	9428	6604	43	26
gi|5869814|emb|AJ249395.1|	gi|129562010|gb|EF462976.1|	97.81	1645	31	5	4296	5938	12	1653	0.0	 2837	9428	6604	43	17
gi|5869814|emb|AJ249395.1|	gi|129562012|gb|EF462977.1|	98.14	915	16	1	1	915	97	1010	0.0	 1594	9428	3192	24	10
gi|5869814|emb|AJ249395.1|	gi|129562012|gb|EF462977.1|	97.59	663	9	6	3551	4212	994	1650	0.0	 1129	9428	3192	24	7
gi|5869814|emb|AJ249395.1|	gi|129562012|gb|EF462977.1|	82.43	666	68	39	7144	7771	2538	3192	2e-153	  536	9428	3192	24	7
gi|5869814|emb|AJ249395.1|	gi|129562012|gb|EF462977.1|	94.00	100	2	3	9329	9428	1	96	3e-37	  150	9428	3192	24	1
gi|5869814|emb|AJ249395.1|	gi|129562016|gb|EF462981.1|	89.52	1135	73	25	6948	8043	4181	5308	0.0	 1397	9428	5308	13	12
gi|5869814|emb|AJ249395.1|	gi|129562016|gb|EF462981.1|	97.87	94	1	1	2570	2663	3939	4031	1e-40	  161	9428	5308	13	1
gi|5869814|emb|AJ249395.1|	gi|108885497|gb|DQ631914.1|	87.56	1230	84	50	7253	8450	4102	5294	0.0	 1363	9428	7472	15	13
gi|5869814|emb|AJ249395.1|	gi|108885497|gb|DQ631914.1|	91.20	125	10	1	6833	6956	998	1122	9e-43	  169	9428	7472	15	1
gi|5869814|emb|AJ249395.1|	gi|108885497|gb|DQ631914.1|	85.11	141	10	5	6532	6662	512	651	3e-32	  134	9428	7472	15	1
gi|5869814|emb|AJ249395.1|	gi|108885496|gb|DQ631913.1|	89.71	836	47	25	7624	8450	4619	5424	0.0	 1035	9428	7560	9	9
gi|5869814|emb|AJ249395.1|	gi|129562015|gb|EF462980.1|	89.27	662	47	16	6947	7598	4945	5592	0.0	  808	9428	5797	10	7
gi|5869814|emb|AJ249395.1|	gi|129562015|gb|EF462980.1|	95.27	148	4	3	7625	7771	5652	5797	1e-61	  231	9428	5797	10	2
gi|5869814|emb|AJ249395.1|	gi|129562015|gb|EF462980.1|	94.55	110	4	1	4753	4862	190	297	9e-43	  169	9428	5797	10	1
gi|5869814|emb|AJ249395.1|	gi|129562014|gb|EF462979.1|	82.78	662	71	34	7144	7771	4828	5480	8e-158	  551	9428	5480	9	7
gi|5869814|emb|AJ249395.1|	gi|129562014|gb|EF462979.1|	91.20	125	10	1	6833	6956	2280	2404	9e-43	  169	9428	5480	9	1
gi|5869814|emb|AJ249395.1|	gi|129562014|gb|EF462979.1|	85.11	141	10	5	6532	6662	1794	1933	3e-32	  134	9428	5480	9	1
gi|5869814|emb|AJ249395.1|	gi|197239848|gb|EF462978.2|	87.74	155	11	4	7624	7771	5857	6010	2e-44	  174	9428	6010	2	2
gi|108885493|gb|DQ631911.1|	gi|108885493|gb|DQ631911.1|	100.00	7511	0	0	1	7511	1	7511	0.0	13871	7511	7511	100	100
gi|108885493|gb|DQ631911.1|	gi|5869814|emb|AJ249395.1|	97.65	3325	67	10	1	3319	1	3320	0.0	 5703	7511	9428	87	44
gi|108885493|gb|DQ631911.1|	gi|5869814|emb|AJ249395.1|	91.62	2326	126	51	5214	7511	7144	9428	0.0	 3160	7511	9428	87	31
gi|108885493|gb|DQ631911.1|	gi|5869814|emb|AJ249395.1|	97.49	917	14	6	3421	4329	3297	4212	0.0	 1557	7511	9428	87	12
gi|108885493|gb|DQ631911.1|	gi|129562012|gb|EF462977.1|	99.45	2200	3	5	3676	5867	994	3192	0.0	 3988	7511	3192	43	29
gi|108885493|gb|DQ631911.1|	gi|129562012|gb|EF462977.1|	99.56	915	2	2	1	914	97	1010	0.0	 1666	7511	3192	43	12
gi|108885493|gb|DQ631911.1|	gi|129562012|gb|EF462977.1|	98.97	97	0	1	7415	7511	1	96	6e-44	  172	7511	3192	43	1
gi|108885493|gb|DQ631911.1|	gi|129562010|gb|EF462976.1|	92.93	2307	92	43	5214	7484	3619	5890	0.0	 3291	7511	6604	30	30
gi|108885493|gb|DQ631911.1|	gi|108885494|gb|DQ631912.1|	92.47	2323	104	52	5214	7484	3348	5651	0.0	 3254	7511	6400	30	30
gi|108885493|gb|DQ631911.1|	gi|108885496|gb|DQ631913.1|	95.12	1147	38	13	4407	5544	3275	4412	0.0	 1792	7511	7560	26	15
gi|108885493|gb|DQ631911.1|	gi|108885496|gb|DQ631913.1|	88.97	834	50	24	5717	6535	4618	5424	0.0	  992	7511	7560	26	11
gi|108885493|gb|DQ631911.1|	gi|197239848|gb|EF462978.2|	94.95	1149	38	14	4407	5544	4513	5652	0.0	 1783	7511	6010	17	15
gi|108885493|gb|DQ631911.1|	gi|197239848|gb|EF462978.2|	90.97	155	10	3	5717	5867	5856	6010	5e-54	  206	7511	6010	17	2
gi|108885493|gb|DQ631911.1|	gi|129562014|gb|EF462979.1|	93.35	1143	48	23	4740	5867	4351	5480	0.0	 1664	7511	5480	15	15
gi|108885493|gb|DQ631911.1|	gi|108885497|gb|DQ631914.1|	90.97	1229	58	32	5324	6535	4102	5294	0.0	 1605	7511	7472	21	16
gi|108885493|gb|DQ631911.1|	gi|108885497|gb|DQ631914.1|	91.96	373	15	12	4740	5102	3069	3436	4e-145	  508	7511	7472	21	5
gi|108885493|gb|DQ631911.1|	gi|129562016|gb|EF462981.1|	86.39	948	80	31	5214	6127	4376	5308	0.0	  990	7511	5308	13	12
gi|108885493|gb|DQ631911.1|	gi|129562016|gb|EF462981.1|	98.92	93	1	0	2569	2661	3939	4031	3e-42	  167	7511	5308	13	1
gi|108885493|gb|DQ631911.1|	gi|129562015|gb|EF462980.1|	84.12	680	67	33	5214	5867	5133	5797	2e-178	  619	7511	5797	9	9
gi|108885494|gb|DQ631912.1|	gi|108885494|gb|DQ631912.1|	100.00	6400	0	0	1	6400	1	6400	0.0	11819	6400	6400	100	100
gi|108885494|gb|DQ631912.1|	gi|108885494|gb|DQ631912.1|	98.78	491	5	1	871	1361	381	870	0.0	  872	6400	6400	100	8
gi|108885494|gb|DQ631912.1|	gi|108885494|gb|DQ631912.1|	98.78	491	5	1	381	870	871	1361	0.0	  872	6400	6400	100	8
gi|108885494|gb|DQ631912.1|	gi|5869814|emb|AJ249395.1|	97.93	4785	45	32	871	5651	4667	9401	0.0	 8253	6400	9428	88	75
gi|108885494|gb|DQ631912.1|	gi|5869814|emb|AJ249395.1|	97.45	863	17	4	12	870	4296	5157	0.0	 1467	6400	9428	88	13
gi|108885494|gb|DQ631912.1|	gi|129562010|gb|EF462976.1|	94.92	3132	91	46	3163	6281	3437	6513	0.0	 4841	6400	6604	82	49
gi|108885494|gb|DQ631912.1|	gi|129562010|gb|EF462976.1|	98.42	1269	18	2	871	2138	383	1650	0.0	 2231	6400	6604	82	20
gi|108885494|gb|DQ631912.1|	gi|129562010|gb|EF462976.1|	99.20	873	4	3	1	870	1	873	0.0	 1570	6400	6604	82	14
gi|108885494|gb|DQ631912.1|	gi|108885493|gb|DQ631911.1|	92.47	2323	104	52	3348	5651	5214	7484	0.0	 3254	6400	7511	36	36
gi|108885494|gb|DQ631912.1|	gi|129562016|gb|EF462981.1|	90.93	1147	72	28	3152	4285	4181	5308	0.0	 1513	6400	5308	18	18
gi|108885494|gb|DQ631912.1|	gi|108885497|gb|DQ631914.1|	86.52	1254	97	50	3457	4699	4102	5294	0.0	 1314	6400	7472	23	19
gi|108885494|gb|DQ631912.1|	gi|108885497|gb|DQ631914.1|	91.20	125	10	1	3037	3160	998	1122	6e-43	  169	6400	7472	23	2
gi|108885494|gb|DQ631912.1|	gi|108885497|gb|DQ631914.1|	85.11	141	10	5	2736	2866	512	651	2e-32	  134	6400	7472	23	2
gi|108885494|gb|DQ631912.1|	gi|129562015|gb|EF462980.1|	87.56	876	66	29	3151	4006	4945	5797	0.0	  974	6400	5797	17	13
gi|108885494|gb|DQ631912.1|	gi|129562015|gb|EF462980.1|	95.45	110	3	1	467	576	190	297	1e-44	  174	6400	5797	17	2
gi|108885494|gb|DQ631912.1|	gi|129562015|gb|EF462980.1|	94.55	110	4	1	957	1066	190	297	6e-43	  169	6400	5797	17	2
gi|108885494|gb|DQ631912.1|	gi|108885496|gb|DQ631913.1|	88.70	832	45	28	3873	4699	4637	5424	0.0	  970	6400	7560	18	13
gi|108885494|gb|DQ631912.1|	gi|108885496|gb|DQ631913.1|	85.50	338	33	16	3348	3677	4079	4408	4e-94	  339	6400	7560	18	5
gi|108885494|gb|DQ631912.1|	gi|129562014|gb|EF462979.1|	83.04	672	82	30	3348	4006	4828	5480	7e-167	  580	6400	5480	14	10
gi|108885494|gb|DQ631912.1|	gi|129562014|gb|EF462979.1|	91.20	125	10	1	3037	3160	2280	2404	6e-43	  169	6400	5480	14	2
gi|108885494|gb|DQ631912.1|	gi|129562014|gb|EF462979.1|	85.11	141	10	5	2736	2866	1794	1933	2e-32	  134	6400	5480	14	2
gi|108885494|gb|DQ631912.1|	gi|129562012|gb|EF462977.1|	82.77	679	73	38	3348	4006	2538	3192	2e-162	  566	6400	3192	10	10
gi|108885494|gb|DQ631912.1|	gi|197239848|gb|EF462978.2|	85.50	338	33	16	3348	3677	5319	5648	4e-94	  339	6400	6010	7	5
gi|108885494|gb|DQ631912.1|	gi|197239848|gb|EF462978.2|	89.78	137	10	3	3873	4006	5875	6010	5e-44	  172	6400	6010	7	2
gi|108885496|gb|DQ631913.1|	gi|108885496|gb|DQ631913.1|	100.00	7560	0	0	1	7560	1	7560	0.0	13961	7560	7560	100	100
gi|108885496|gb|DQ631913.1|	gi|108885496|gb|DQ631913.1|	95.27	148	2	4	6663	6807	6418	6563	3e-61	  230	7560	7560	100	2
gi|108885496|gb|DQ631913.1|	gi|108885496|gb|DQ631913.1|	87.88	99	9	3	7313	7409	6873	6970	3e-26	  113	7560	7560	100	1
gi|108885496|gb|DQ631913.1|	gi|197239848|gb|EF462978.2|	99.73	4778	4	8	1	4772	1236	6010	0.0	 8743	7560	6010	79	63
gi|108885496|gb|DQ631913.1|	gi|197239848|gb|EF462978.2|	99.76	1235	1	2	6326	7560	3	1235	0.0	 2263	7560	6010	79	16
gi|108885496|gb|DQ631913.1|	gi|197239848|gb|EF462978.2|	95.27	148	2	4	6663	6807	93	238	3e-61	  230	7560	6010	79	2
gi|108885496|gb|DQ631913.1|	gi|197239848|gb|EF462978.2|	87.88	99	9	3	7313	7409	548	645	3e-26	  113	7560	6010	79	1
gi|108885496|gb|DQ631913.1|	gi|108885497|gb|DQ631914.1|	95.59	2018	56	17	4613	6627	4488	6475	0.0	 3203	7560	7472	36	27
gi|108885496|gb|DQ631913.1|	gi|108885497|gb|DQ631914.1|	93.32	374	15	8	3610	3976	3069	3439	1e-155	  544	7560	7472	36	5
gi|108885496|gb|DQ631913.1|	gi|108885497|gb|DQ631914.1|	96.77	217	7	0	4190	4406	4102	4318	3e-101	  363	7560	7472	36	3
gi|108885496|gb|DQ631913.1|	gi|108885497|gb|DQ631914.1|	86.75	302	11	6	6356	6654	6768	7043	4e-85	  309	7560	7472	36	4
gi|108885496|gb|DQ631913.1|	gi|108885497|gb|DQ631914.1|	99.14	116	1	0	7445	7560	6581	6696	4e-55	  209	7560	7472	36	2
gi|108885496|gb|DQ631913.1|	gi|108885493|gb|DQ631911.1|	95.12	1147	38	13	3275	4412	4407	5544	0.0	 1792	7560	7511	26	15
gi|108885496|gb|DQ631913.1|	gi|108885493|gb|DQ631911.1|	88.97	834	50	24	4618	5424	5717	6535	0.0	  992	7560	7511	26	11
gi|108885496|gb|DQ631913.1|	gi|129562012|gb|EF462977.1|	94.96	1150	38	12	3275	4412	1728	2869	0.0	 1784	7560	3192	17	15
gi|108885496|gb|DQ631913.1|	gi|129562012|gb|EF462977.1|	90.97	155	10	3	4618	4772	3042	3192	5e-54	  206	7560	3192	17	2
gi|108885496|gb|DQ631913.1|	gi|129562014|gb|EF462979.1|	94.05	807	35	9	3610	4406	4351	5154	0.0	 1212	7560	5480	18	11
gi|108885496|gb|DQ631913.1|	gi|129562014|gb|EF462979.1|	87.09	302	11	5	6356	6654	576	852	2e-87	  316	7560	5480	18	4
gi|108885496|gb|DQ631913.1|	gi|129562014|gb|EF462979.1|	99.14	116	1	0	7445	7560	389	504	4e-55	  209	7560	5480	18	2
gi|108885496|gb|DQ631913.1|	gi|129562014|gb|EF462979.1|	89.44	161	12	4	4613	4772	5324	5480	9e-52	  198	7560	5480	18	2
gi|108885496|gb|DQ631913.1|	gi|5869814|emb|AJ249395.1|	89.71	836	47	25	4619	5424	7624	8450	0.0	 1035	7560	9428	12	11
gi|108885496|gb|DQ631913.1|	gi|5869814|emb|AJ249395.1|	98.02	101	2	0	3768	3868	4202	4302	4e-45	  176	7560	9428	12	1
gi|108885496|gb|DQ631913.1|	gi|129562010|gb|EF462976.1|	88.77	837	54	20	4623	5424	4106	4937	0.0	  989	7560	6604	15	11
gi|108885496|gb|DQ631913.1|	gi|129562010|gb|EF462976.1|	88.32	334	30	9	4079	4408	3619	3947	4e-110	  392	7560	6604	15	4
gi|108885496|gb|DQ631913.1|	gi|108885494|gb|DQ631912.1|	88.70	832	45	28	4637	5424	3873	4699	0.0	  970	7560	6400	15	10
gi|108885496|gb|DQ631913.1|	gi|108885494|gb|DQ631912.1|	85.50	338	33	16	4079	4408	3348	3677	5e-94	  339	7560	6400	15	4
gi|108885496|gb|DQ631913.1|	gi|129562016|gb|EF462981.1|	89.50	457	29	13	4597	5042	4860	5308	1e-160	  560	7560	5308	14	6
gi|108885496|gb|DQ631913.1|	gi|129562016|gb|EF462981.1|	88.62	334	29	9	4079	4408	4376	4704	8e-112	  398	7560	5308	14	4
gi|108885496|gb|DQ631913.1|	gi|129562016|gb|EF462981.1|	88.51	261	8	4	7166	7422	1382	1624	3e-81	  296	7560	5308	14	3
gi|108885496|gb|DQ631913.1|	gi|129562015|gb|EF462980.1|	88.06	335	30	10	4079	4408	5133	5462	5e-109	  388	7560	5797	7	4
gi|108885496|gb|DQ631913.1|	gi|129562015|gb|EF462980.1|	85.94	192	18	6	4581	4772	5615	5797	3e-51	  196	7560	5797	7	3
gi|108885497|gb|DQ631914.1|	gi|108885497|gb|DQ631914.1|	100.00	7472	0	0	1	7472	1	7472	0.0	13799	7472	7472	100	100
gi|108885497|gb|DQ631914.1|	gi|129562014|gb|EF462979.1|	99.77	3436	7	1	1	3436	1283	4717	0.0	 6300	7472	5480	70	46
gi|108885497|gb|DQ631914.1|	gi|129562014|gb|EF462979.1|	99.07	1284	5	6	6194	7472	1	1282	0.0	 2298	7472	5480	70	17
gi|108885497|gb|DQ631914.1|	gi|129562014|gb|EF462979.1|	100.00	543	0	0	4102	4644	4938	5480	0.0	 1003	7472	5480	70	7
gi|108885497|gb|DQ631914.1|	gi|108885496|gb|DQ631913.1|	95.59	2018	56	17	4488	6475	4613	6627	0.0	 3203	7472	7560	40	27
gi|108885497|gb|DQ631914.1|	gi|108885496|gb|DQ631913.1|	93.32	374	15	8	3069	3439	3610	3976	1e-155	  544	7472	7560	40	5
gi|108885497|gb|DQ631914.1|	gi|108885496|gb|DQ631913.1|	96.77	217	7	0	4102	4318	4190	4406	3e-101	  363	7472	7560	40	3
gi|108885497|gb|DQ631914.1|	gi|108885496|gb|DQ631913.1|	86.75	302	11	6	6768	7043	6356	6654	4e-85	  309	7472	7560	40	4
gi|108885497|gb|DQ631914.1|	gi|108885496|gb|DQ631913.1|	99.14	116	1	0	6581	6696	7445	7560	4e-55	  209	7472	7560	40	2
gi|108885497|gb|DQ631914.1|	gi|108885493|gb|DQ631911.1|	90.97	1229	58	32	4102	5294	5324	6535	0.0	 1605	7472	7511	21	16
gi|108885497|gb|DQ631914.1|	gi|108885493|gb|DQ631911.1|	91.96	373	15	12	3069	3436	4740	5102	4e-145	  508	7472	7511	21	5
gi|108885497|gb|DQ631914.1|	gi|5869814|emb|AJ249395.1|	87.56	1230	84	50	4102	5294	7253	8450	0.0	 1363	7472	9428	21	16
gi|108885497|gb|DQ631914.1|	gi|5869814|emb|AJ249395.1|	91.20	125	10	1	998	1122	6833	6956	7e-43	  169	7472	9428	21	2
gi|108885497|gb|DQ631914.1|	gi|5869814|emb|AJ249395.1|	88.52	122	10	3	3212	3329	4181	4302	1e-35	  145	7472	9428	21	2
gi|108885497|gb|DQ631914.1|	gi|5869814|emb|AJ249395.1|	85.11	141	10	5	512	651	6532	6662	3e-32	  134	7472	9428	21	2
gi|108885497|gb|DQ631914.1|	gi|108885494|gb|DQ631912.1|	86.52	1254	97	50	4102	5294	3457	4699	0.0	 1314	7472	6400	20	16
gi|108885497|gb|DQ631914.1|	gi|108885494|gb|DQ631912.1|	91.20	125	10	1	998	1122	3037	3160	7e-43	  169	7472	6400	20	2
gi|108885497|gb|DQ631914.1|	gi|108885494|gb|DQ631912.1|	85.11	141	10	5	512	651	2736	2866	3e-32	  134	7472	6400	20	2
gi|108885497|gb|DQ631914.1|	gi|129562010|gb|EF462976.1|	85.40	1240	103	45	4102	5294	3729	4937	0.0	 1216	7472	6604	16	16
gi|108885497|gb|DQ631914.1|	gi|129562016|gb|EF462981.1|	87.52	833	71	24	4102	4912	4487	5308	0.0	  931	7472	5308	11	11
gi|108885497|gb|DQ631914.1|	gi|129562012|gb|EF462977.1|	93.28	551	22	12	4102	4644	2649	3192	0.0	  798	7472	3192	12	7
gi|108885497|gb|DQ631914.1|	gi|129562012|gb|EF462977.1|	91.96	373	15	12	3069	3436	2061	2423	4e-145	  508	7472	3192	12	5
gi|108885497|gb|DQ631914.1|	gi|197239848|gb|EF462978.2|	93.05	374	16	8	3069	3439	4850	5216	5e-154	  538	7472	6010	15	5
gi|108885497|gb|DQ631914.1|	gi|197239848|gb|EF462978.2|	96.77	217	7	0	4102	4318	5430	5646	3e-101	  363	7472	6010	15	3
gi|108885497|gb|DQ631914.1|	gi|197239848|gb|EF462978.2|	87.67	292	7	6	6780	7043	39	329	3e-86	  313	7472	6010	15	4
gi|108885497|gb|DQ631914.1|	gi|197239848|gb|EF462978.2|	99.30	142	1	0	6581	6722	1120	1261	1e-69	  257	7472	6010	15	2
gi|108885497|gb|DQ631914.1|	gi|197239848|gb|EF462978.2|	89.44	161	12	4	4488	4644	5851	6010	9e-52	  198	7472	6010	15	2
gi|108885497|gb|DQ631914.1|	gi|129562015|gb|EF462980.1|	84.25	565	56	23	4102	4644	5244	5797	2e-148	  520	7472	5797	11	7
gi|108885497|gb|DQ631914.1|	gi|129562015|gb|EF462980.1|	90.97	155	11	3	838	991	4023	4175	5e-54	  206	7472	5797	11	2
gi|108885497|gb|DQ631914.1|	gi|129562015|gb|EF462980.1|	83.67	147	17	7	79	222	3736	3878	9e-32	  132	7472	5797	11	2
gi|129562010|gb|EF462976.1|	gi|129562010|gb|EF462976.1|	100.00	6604	0	0	1	6604	1	6604	0.0	12196	6604	6604	100	100
gi|129562010|gb|EF462976.1|	gi|108885494|gb|DQ631912.1|	94.92	3132	91	46	3437	6513	3163	6281	0.0	 4841	6604	6400	72	47
gi|129562010|gb|EF462976.1|	gi|108885494|gb|DQ631912.1|	98.42	1269	18	2	383	1650	871	2138	0.0	 2231	6604	6400	72	19
gi|129562010|gb|EF462976.1|	gi|108885494|gb|DQ631912.1|	99.20	873	4	3	1	873	1	870	0.0	 1570	6604	6400	72	13
gi|129562010|gb|EF462976.1|	gi|5869814|emb|AJ249395.1|	91.84	2477	118	51	3437	5878	6959	9386	0.0	 3386	6604	9428	62	37
gi|129562010|gb|EF462976.1|	gi|5869814|emb|AJ249395.1|	97.81	1645	31	5	12	1653	4296	5938	0.0	 2837	6604	9428	62	25
gi|129562010|gb|EF462976.1|	gi|108885493|gb|DQ631911.1|	92.93	2307	92	43	3619	5890	5214	7484	0.0	 3291	6604	7511	34	34
gi|129562010|gb|EF462976.1|	gi|129562016|gb|EF462981.1|	89.99	1189	76	25	3377	4529	4127	5308	0.0	 1496	6604	5308	17	17
gi|129562010|gb|EF462976.1|	gi|108885497|gb|DQ631914.1|	85.40	1240	103	45	3729	4937	4102	5294	0.0	 1216	6604	7472	18	18
gi|129562010|gb|EF462976.1|	gi|108885496|gb|DQ631913.1|	88.77	837	54	20	4106	4937	4623	5424	0.0	  989	6604	7560	18	13
gi|129562010|gb|EF462976.1|	gi|108885496|gb|DQ631913.1|	88.32	334	30	9	3619	3947	4079	4408	3e-110	  392	6604	7560	18	5
gi|129562010|gb|EF462976.1|	gi|129562015|gb|EF462980.1|	86.68	856	56	30	3437	4251	4959	5797	0.0	  896	6604	5797	14	12
gi|129562010|gb|EF462976.1|	gi|129562015|gb|EF462980.1|	95.45	110	3	1	469	578	190	297	1e-44	  174	6604	5797	14	2
gi|129562010|gb|EF462976.1|	gi|129562014|gb|EF462979.1|	82.05	663	79	29	3619	4251	4828	5480	2e-151	  529	6604	5480	10	10
gi|129562010|gb|EF462976.1|	gi|129562012|gb|EF462977.1|	82.01	667	74	36	3619	4251	2538	3192	3e-150	  525	6604	3192	10	10
gi|129562010|gb|EF462976.1|	gi|197239848|gb|EF462978.2|	88.32	334	30	9	3619	3947	5319	5648	3e-110	  392	6604	6010	7	5
gi|129562010|gb|EF462976.1|	gi|197239848|gb|EF462978.2|	89.33	150	12	3	4106	4251	5861	6010	6e-48	  185	6604	6010	7	2
gi|129562012|gb|EF462977.1|	gi|129562012|gb|EF462977.1|	100.00	3192	0	0	1	3192	1	3192	0.0	 5895	3192	3192	100	100
gi|129562012|gb|EF462977.1|	gi|108885493|gb|DQ631911.1|	99.45	2200	3	5	994	3192	3676	5867	0.0	 3988	3192	7511	100	69
gi|129562012|gb|EF462977.1|	gi|108885493|gb|DQ631911.1|	99.56	915	2	2	97	1010	1	914	0.0	 1666	3192	7511	100	29
gi|129562012|gb|EF462977.1|	gi|108885493|gb|DQ631911.1|	98.97	97	0	1	1	96	7415	7511	2e-44	  172	3192	7511	100	3
gi|129562012|gb|EF462977.1|	gi|108885496|gb|DQ631913.1|	94.96	1150	38	12	1728	2869	3275	4412	0.0	 1784	3192	7560	41	36
gi|129562012|gb|EF462977.1|	gi|108885496|gb|DQ631913.1|	90.97	155	10	3	3042	3192	4618	4772	2e-54	  206	3192	7560	41	5
gi|129562012|gb|EF462977.1|	gi|197239848|gb|EF462978.2|	94.79	1152	38	13	1728	2869	4513	5652	0.0	 1775	3192	6010	41	36
gi|129562012|gb|EF462977.1|	gi|197239848|gb|EF462978.2|	90.97	155	10	3	3042	3192	5856	6010	2e-54	  206	3192	6010	41	5
gi|129562012|gb|EF462977.1|	gi|129562014|gb|EF462979.1|	93.11	1147	47	24	2061	3192	4351	5480	0.0	 1652	3192	5480	35	35
gi|129562012|gb|EF462977.1|	gi|5869814|emb|AJ249395.1|	98.14	915	16	1	97	1010	1	915	0.0	 1594	3192	9428	72	29
gi|129562012|gb|EF462977.1|	gi|5869814|emb|AJ249395.1|	97.59	663	9	6	994	1650	3551	4212	0.0	 1129	3192	9428	72	21
gi|129562012|gb|EF462977.1|	gi|5869814|emb|AJ249395.1|	82.43	666	68	39	2538	3192	7144	7771	7e-154	  536	3192	9428	72	21
gi|129562012|gb|EF462977.1|	gi|5869814|emb|AJ249395.1|	94.00	100	2	3	1	96	9329	9428	1e-37	  150	3192	9428	72	3
gi|129562012|gb|EF462977.1|	gi|108885497|gb|DQ631914.1|	93.28	551	22	12	2649	3192	4102	4644	0.0	  798	3192	7472	28	17
gi|129562012|gb|EF462977.1|	gi|108885497|gb|DQ631914.1|	91.96	373	15	12	2061	2423	3069	3436	2e-145	  508	3192	7472	28	11
gi|129562012|gb|EF462977.1|	gi|129562016|gb|EF462981.1|	84.57	674	66	31	2538	3192	4376	5030	0.0	  634	3192	5308	21	21
gi|129562012|gb|EF462977.1|	gi|129562015|gb|EF462980.1|	84.14	681	66	34	2538	3192	5133	5797	2e-179	  621	3192	5797	21	21
gi|129562012|gb|EF462977.1|	gi|108885494|gb|DQ631912.1|	82.77	679	73	38	2538	3192	3348	4006	9e-163	  566	3192	6400	21	21
gi|129562012|gb|EF462977.1|	gi|129562010|gb|EF462976.1|	82.01	667	74	36	2538	3192	3619	4251	2e-150	  525	3192	6604	21	21
gi|129562014|gb|EF462979.1|	gi|129562014|gb|EF462979.1|	100.00	5480	0	0	1	5480	1	5480	0.0	10120	5480	5480	100	100
gi|129562014|gb|EF462979.1|	gi|108885497|gb|DQ631914.1|	99.77	3436	7	1	1283	4717	1	3436	0.0	 6300	5480	7472	96	63
gi|129562014|gb|EF462979.1|	gi|108885497|gb|DQ631914.1|	99.07	1284	5	6	1	1282	6194	7472	0.0	 2298	5480	7472	96	23
gi|129562014|gb|EF462979.1|	gi|108885497|gb|DQ631914.1|	100.00	543	0	0	4938	5480	4102	4644	0.0	 1003	5480	7472	96	10
gi|129562014|gb|EF462979.1|	gi|108885493|gb|DQ631911.1|	93.35	1143	48	23	4351	5480	4740	5867	0.0	 1664	5480	7511	21	21
gi|129562014|gb|EF462979.1|	gi|129562012|gb|EF462977.1|	93.11	1147	47	24	4351	5480	2061	3192	0.0	 1652	5480	3192	21	21
gi|129562014|gb|EF462979.1|	gi|108885496|gb|DQ631913.1|	94.05	807	35	9	4351	5154	3610	4406	0.0	 1212	5480	7560	25	15
gi|129562014|gb|EF462979.1|	gi|108885496|gb|DQ631913.1|	87.09	302	11	5	576	852	6356	6654	2e-87	  316	5480	7560	25	5
gi|129562014|gb|EF462979.1|	gi|108885496|gb|DQ631913.1|	99.14	116	1	0	389	504	7445	7560	3e-55	  209	5480	7560	25	2
gi|129562014|gb|EF462979.1|	gi|108885496|gb|DQ631913.1|	89.44	161	12	4	5324	5480	4613	4772	7e-52	  198	5480	7560	25	3
gi|129562014|gb|EF462979.1|	gi|197239848|gb|EF462978.2|	93.93	807	36	9	4351	5154	4850	5646	0.0	 1206	5480	6010	25	15
gi|129562014|gb|EF462979.1|	gi|197239848|gb|EF462978.2|	88.01	292	7	5	588	852	39	329	1e-88	  320	5480	6010	25	5
gi|129562014|gb|EF462979.1|	gi|197239848|gb|EF462978.2|	99.30	142	1	0	389	530	1120	1261	1e-69	  257	5480	6010	25	3
gi|129562014|gb|EF462979.1|	gi|197239848|gb|EF462978.2|	89.44	161	12	4	5324	5480	5851	6010	7e-52	  198	5480	6010	25	3
gi|129562014|gb|EF462979.1|	gi|129562016|gb|EF462981.1|	85.76	667	69	24	4828	5480	4376	5030	0.0	  682	5480	5308	12	12
gi|129562014|gb|EF462979.1|	gi|129562015|gb|EF462980.1|	84.22	678	69	28	4828	5480	5133	5797	3e-180	  625	5480	5797	17	12
gi|129562014|gb|EF462979.1|	gi|129562015|gb|EF462980.1|	90.97	155	11	3	2120	2273	4023	4175	4e-54	  206	5480	5797	17	3
gi|129562014|gb|EF462979.1|	gi|129562015|gb|EF462980.1|	83.67	147	17	7	1361	1504	3736	3878	7e-32	  132	5480	5797	17	3
gi|129562014|gb|EF462979.1|	gi|108885494|gb|DQ631912.1|	83.06	673	80	31	4828	5480	3348	4006	6e-167	  580	5480	6400	17	12
gi|129562014|gb|EF462979.1|	gi|108885494|gb|DQ631912.1|	91.20	125	10	1	2280	2404	3037	3160	5e-43	  169	5480	6400	17	2
gi|129562014|gb|EF462979.1|	gi|108885494|gb|DQ631912.1|	85.11	141	10	5	1794	1933	2736	2866	2e-32	  134	5480	6400	17	3
gi|129562014|gb|EF462979.1|	gi|5869814|emb|AJ249395.1|	82.78	662	71	34	4828	5480	7144	7771	4e-158	  551	5480	9428	19	12
gi|129562014|gb|EF462979.1|	gi|5869814|emb|AJ249395.1|	91.20	125	10	1	2280	2404	6833	6956	5e-43	  169	5480	9428	19	2
gi|129562014|gb|EF462979.1|	gi|5869814|emb|AJ249395.1|	88.52	122	10	3	4494	4611	4181	4302	9e-36	  145	5480	9428	19	2
gi|129562014|gb|EF462979.1|	gi|5869814|emb|AJ249395.1|	85.11	141	10	5	1794	1933	6532	6662	2e-32	  134	5480	9428	19	3
gi|129562014|gb|EF462979.1|	gi|129562010|gb|EF462976.1|	82.08	664	77	30	4828	5480	3619	4251	2e-151	  529	5480	6604	12	12
gi|129562015|gb|EF462980.1|	gi|129562015|gb|EF462980.1|	100.00	5797	0	0	1	5797	1	5797	0.0	10706	5797	5797	100	100
gi|129562015|gb|EF462980.1|	gi|129562016|gb|EF462981.1|	91.80	866	40	19	4947	5797	4181	5030	0.0	 1177	5797	5308	15	15
gi|129562015|gb|EF462980.1|	gi|108885494|gb|DQ631912.1|	87.56	876	66	29	4945	5797	3151	4006	0.0	  974	5797	6400	17	15
gi|129562015|gb|EF462980.1|	gi|108885494|gb|DQ631912.1|	95.45	110	3	1	190	297	467	576	1e-44	  174	5797	6400	17	2
gi|129562015|gb|EF462980.1|	gi|108885494|gb|DQ631912.1|	94.55	110	4	1	190	297	957	1066	5e-43	  169	5797	6400	17	2
gi|129562015|gb|EF462980.1|	gi|129562010|gb|EF462976.1|	86.68	856	56	30	4959	5797	3437	4251	0.0	  896	5797	6604	16	14
gi|129562015|gb|EF462980.1|	gi|129562010|gb|EF462976.1|	95.45	110	3	1	190	297	469	578	1e-44	  174	5797	6604	16	2
gi|129562015|gb|EF462980.1|	gi|5869814|emb|AJ249395.1|	89.27	662	47	16	4945	5592	6947	7598	0.0	  808	5797	9428	16	11
gi|129562015|gb|EF462980.1|	gi|5869814|emb|AJ249395.1|	95.27	148	4	3	5652	5797	7625	7771	7e-62	  231	5797	9428	16	3
gi|129562015|gb|EF462980.1|	gi|5869814|emb|AJ249395.1|	94.55	110	4	1	190	297	4753	4862	5e-43	  169	5797	9428	16	2
gi|129562015|gb|EF462980.1|	gi|129562014|gb|EF462979.1|	84.22	678	69	28	5133	5797	4828	5480	3e-180	  625	5797	5480	17	11
gi|129562015|gb|EF462980.1|	gi|129562014|gb|EF462979.1|	90.97	155	11	3	4023	4175	2120	2273	4e-54	  206	5797	5480	17	3
gi|129562015|gb|EF462980.1|	gi|129562014|gb|EF462979.1|	83.67	147	17	7	3736	3878	1361	1504	7e-32	  132	5797	5480	17	2
gi|129562015|gb|EF462980.1|	gi|129562012|gb|EF462977.1|	84.14	681	66	34	5133	5797	2538	3192	4e-179	  621	5797	3192	11	11
gi|129562015|gb|EF462980.1|	gi|108885493|gb|DQ631911.1|	84.12	680	67	33	5133	5797	5214	5867	1e-178	  619	5797	7511	11	11
gi|129562015|gb|EF462980.1|	gi|108885497|gb|DQ631914.1|	84.25	565	56	23	5244	5797	4102	4644	1e-148	  520	5797	7472	15	10
gi|129562015|gb|EF462980.1|	gi|108885497|gb|DQ631914.1|	90.97	155	11	3	4023	4175	838	991	4e-54	  206	5797	7472	15	3
gi|129562015|gb|EF462980.1|	gi|108885497|gb|DQ631914.1|	83.67	147	17	7	3736	3878	79	222	7e-32	  132	5797	7472	15	2
gi|129562015|gb|EF462980.1|	gi|197239848|gb|EF462978.2|	88.06	335	30	10	5133	5462	5319	5648	4e-109	  388	5797	6010	9	6
gi|129562015|gb|EF462980.1|	gi|197239848|gb|EF462978.2|	85.94	192	17	7	5615	5797	5820	6010	3e-51	  196	5797	6010	9	3
gi|129562015|gb|EF462980.1|	gi|108885496|gb|DQ631913.1|	88.06	335	30	10	5133	5462	4079	4408	4e-109	  388	5797	7560	9	6
gi|129562015|gb|EF462980.1|	gi|108885496|gb|DQ631913.1|	85.94	192	18	6	5615	5797	4581	4772	3e-51	  196	5797	7560	9	3
gi|129562016|gb|EF462981.1|	gi|129562016|gb|EF462981.1|	100.00	5308	0	0	1	5308	1	5308	0.0	 9803	5308	5308	100	100
gi|129562016|gb|EF462981.1|	gi|108885494|gb|DQ631912.1|	90.94	1148	70	28	4181	5308	3152	4285	0.0	 1513	5308	6400	21	21
gi|129562016|gb|EF462981.1|	gi|129562010|gb|EF462976.1|	90.00	1190	74	25	4127	5308	3377	4529	0.0	 1496	5308	6604	22	22
gi|129562016|gb|EF462981.1|	gi|5869814|emb|AJ249395.1|	89.52	1135	73	25	4181	5308	6948	8043	0.0	 1397	5308	9428	27	21
gi|129562016|gb|EF462981.1|	gi|5869814|emb|AJ249395.1|	91.24	217	16	2	848	1063	1406	1620	3e-80	  292	5308	9428	27	4
gi|129562016|gb|EF462981.1|	gi|5869814|emb|AJ249395.1|	97.87	94	1	1	3939	4031	2570	2663	8e-41	  161	5308	9428	27	2
gi|129562016|gb|EF462981.1|	gi|129562015|gb|EF462980.1|	91.80	866	40	19	4181	5030	4947	5797	0.0	 1177	5308	5797	16	16
gi|129562016|gb|EF462981.1|	gi|108885493|gb|DQ631911.1|	86.39	948	80	31	4376	5308	5214	6127	0.0	  990	5308	7511	19	18
gi|129562016|gb|EF462981.1|	gi|108885493|gb|DQ631911.1|	98.92	93	1	0	3939	4031	2569	2661	2e-42	  167	5308	7511	19	2
gi|129562016|gb|EF462981.1|	gi|108885497|gb|DQ631914.1|	87.52	833	71	24	4487	5308	4102	4912	0.0	  931	5308	7472	15	15
gi|129562016|gb|EF462981.1|	gi|129562014|gb|EF462979.1|	85.76	667	69	24	4376	5030	4828	5480	0.0	  682	5308	5480	12	12
gi|129562016|gb|EF462981.1|	gi|129562012|gb|EF462977.1|	84.57	674	66	31	4376	5030	2538	3192	0.0	  634	5308	3192	12	12
gi|129562016|gb|EF462981.1|	gi|108885496|gb|DQ631913.1|	89.50	457	29	13	4860	5308	4597	5042	7e-161	  560	5308	7560	19	8
gi|129562016|gb|EF462981.1|	gi|108885496|gb|DQ631913.1|	88.62	334	29	9	4376	4704	4079	4408	6e-112	  398	5308	7560	19	6
gi|129562016|gb|EF462981.1|	gi|108885496|gb|DQ631913.1|	88.51	261	8	4	1382	1624	7166	7422	2e-81	  296	5308	7560	19	5
gi|129562016|gb|EF462981.1|	gi|197239848|gb|EF462978.2|	88.62	334	29	9	4376	4704	5319	5648	6e-112	  398	5308	6010	14	6
gi|129562016|gb|EF462981.1|	gi|197239848|gb|EF462978.2|	88.51	261	8	4	1382	1624	841	1097	2e-81	  296	5308	6010	14	5
gi|129562016|gb|EF462981.1|	gi|197239848|gb|EF462978.2|	86.41	184	14	9	4855	5030	5830	6010	1e-49	  191	5308	6010	14	3
gi|129562017|gb|EF193005.1|	gi|129562017|gb|EF193005.1|	100.00	9210	0	0	1	9210	1	9210	0.0	16942	9210	9210	100	100
gi|129562017|gb|EF193005.1|	gi|129562017|gb|EF193005.1|	83.09	544	83	7	2570	3108	4079	4618	2e-138	  486	9210	9210	100	6
gi|197239848|gb|EF462978.2|	gi|197239848|gb|EF462978.2|	100.00	6010	0	0	1	6010	1	6010	0.0	11099	6010	6010	100	100
gi|197239848|gb|EF462978.2|	gi|197239848|gb|EF462978.2|	95.27	148	2	4	338	482	93	238	3e-61	  230	6010	6010	100	2
gi|197239848|gb|EF462978.2|	gi|197239848|gb|EF462978.2|	87.88	99	9	3	988	1084	548	645	3e-26	  113	6010	6010	100	2
gi|197239848|gb|EF462978.2|	gi|108885496|gb|DQ631913.1|	99.73	4778	4	8	1236	6010	1	4772	0.0	 8743	6010	7560	99	79
gi|197239848|gb|EF462978.2|	gi|108885496|gb|DQ631913.1|	99.76	1235	1	2	3	1235	6326	7560	0.0	 2263	6010	7560	99	21
gi|197239848|gb|EF462978.2|	gi|108885496|gb|DQ631913.1|	95.27	148	2	4	338	482	6418	6563	3e-61	  230	6010	7560	99	2
gi|197239848|gb|EF462978.2|	gi|108885496|gb|DQ631913.1|	87.88	99	9	3	988	1084	6873	6970	3e-26	  113	6010	7560	99	2
gi|197239848|gb|EF462978.2|	gi|108885493|gb|DQ631911.1|	94.95	1149	38	14	4513	5652	4407	5544	0.0	 1783	6010	7511	22	19
gi|197239848|gb|EF462978.2|	gi|108885493|gb|DQ631911.1|	90.97	155	10	3	5856	6010	5717	5867	4e-54	  206	6010	7511	22	3
gi|197239848|gb|EF462978.2|	gi|129562012|gb|EF462977.1|	94.79	1152	38	13	4513	5652	1728	2869	0.0	 1775	6010	3192	22	19
gi|197239848|gb|EF462978.2|	gi|129562012|gb|EF462977.1|	90.97	155	10	3	5856	6010	3042	3192	4e-54	  206	6010	3192	22	3
gi|197239848|gb|EF462978.2|	gi|129562014|gb|EF462979.1|	93.93	807	36	9	4850	5646	4351	5154	0.0	 1206	6010	5480	23	13
gi|197239848|gb|EF462978.2|	gi|129562014|gb|EF462979.1|	88.01	292	7	5	39	329	588	852	1e-88	  320	6010	5480	23	5
gi|197239848|gb|EF462978.2|	gi|129562014|gb|EF462979.1|	99.30	142	1	0	1120	1261	389	530	1e-69	  257	6010	5480	23	2
gi|197239848|gb|EF462978.2|	gi|129562014|gb|EF462979.1|	89.44	161	12	4	5851	6010	5324	5480	7e-52	  198	6010	5480	23	3
gi|197239848|gb|EF462978.2|	gi|108885497|gb|DQ631914.1|	93.05	374	16	8	4850	5216	3069	3439	4e-154	  538	6010	7472	20	6
gi|197239848|gb|EF462978.2|	gi|108885497|gb|DQ631914.1|	96.77	217	7	0	5430	5646	4102	4318	2e-101	  363	6010	7472	20	4
gi|197239848|gb|EF462978.2|	gi|108885497|gb|DQ631914.1|	87.67	292	7	6	39	329	6780	7043	2e-86	  313	6010	7472	20	5
gi|197239848|gb|EF462978.2|	gi|108885497|gb|DQ631914.1|	99.30	142	1	0	1120	1261	6581	6722	1e-69	  257	6010	7472	20	2
gi|197239848|gb|EF462978.2|	gi|108885497|gb|DQ631914.1|	89.44	161	12	4	5851	6010	4488	4644	7e-52	  198	6010	7472	20	3
gi|197239848|gb|EF462978.2|	gi|129562016|gb|EF462981.1|	88.62	334	29	9	5319	5648	4376	4704	7e-112	  398	6010	5308	13	5
gi|197239848|gb|EF462978.2|	gi|129562016|gb|EF462981.1|	88.51	261	8	4	841	1097	1382	1624	3e-81	  296	6010	5308	13	4
gi|197239848|gb|EF462978.2|	gi|129562016|gb|EF462981.1|	86.41	184	14	9	5830	6010	4855	5030	1e-49	  191	6010	5308	13	3
gi|197239848|gb|EF462978.2|	gi|129562010|gb|EF462976.1|	88.32	334	30	9	5319	5648	3619	3947	3e-110	  392	6010	6604	8	5
gi|197239848|gb|EF462978.2|	gi|129562010|gb|EF462976.1|	89.33	150	12	3	5861	6010	4106	4251	6e-48	  185	6010	6604	8	2
gi|197239848|gb|EF462978.2|	gi|129562015|gb|EF462980.1|	88.06	335	30	10	5319	5648	5133	5462	4e-109	  388	6010	5797	9	5
gi|197239848|gb|EF462978.2|	gi|129562015|gb|EF462980.1|	85.94	192	17	7	5820	6010	5615	5797	3e-51	  196	6010	5797	9	3
gi|197239848|gb|EF462978.2|	gi|108885494|gb|DQ631912.1|	85.50	338	33	16	5319	5648	3348	3677	4e-94	  339	6010	6400	8	5
gi|197239848|gb|EF462978.2|	gi|108885494|gb|DQ631912.1|	89.78	137	10	3	5875	6010	3873	4006	4e-44	  172	6010	6400	8	2
gi|197239848|gb|EF462978.2|	gi|5869814|emb|AJ249395.1|	87.74	155	11	4	5857	6010	7624	7771	1e-44	  174	6010	9428	4	3
gi|197239848|gb|EF462978.2|	gi|5869814|emb|AJ249395.1|	97.03	101	3	0	5008	5108	4202	4302	2e-43	  171	6010	9428	4	2
