gi|5869814|emb|AJ249395.1|	gi|5869814|emb|AJ249395.1|	100.00	9428	0	0	1	9428	1	9428	0.0	16970	9428	9428	100	100
gi|5869814|emb|AJ249395.1|	gi|108885494|gb|DQ631912.1|	97.81	4788	51	23	4667	9404	871	5654	0.0	 8121	9428	6400	54	50
gi|5869814|emb|AJ249395.1|	gi|108885494|gb|DQ631912.1|	97.45	863	17	4	4296	5157	12	870	0.0	 1443	9428	6400	54	9
gi|5869814|emb|AJ249395.1|	gi|108885493|gb|DQ631911.1|	97.62	3325	68	9	1	3320	1	3319	0.0	 5615	9428	7511	69	35
gi|5869814|emb|AJ249395.1|	gi|108885493|gb|DQ631911.1|	91.15	2328	133	34	7144	9428	5214	7511	0.0	 3191	9428	7511	69	24
gi|5869814|emb|AJ249395.1|	gi|108885493|gb|DQ631911.1|	97.49	916	15	5	3297	4212	3422	4329	0.0	 1534	9428	7511	69	10
gi|5869814|emb|AJ249395.1|	gi|129562010|gb|EF462976.1|	91.08	2499	145	25	6950	9404	3429	5893	0.0	 3469	9428	6604	43	26
gi|5869814|emb|AJ249395.1|	gi|129562010|gb|EF462976.1|	97.81	1645	31	4	4296	5938	12	1653	0.0	 2794	9428	6604	43	17
gi|5869814|emb|AJ249395.1|	gi|129562012|gb|EF462977.1|	98.14	915	16	1	1	915	97	1010	0.0	 1570	9428	3192	24	10
gi|5869814|emb|AJ249395.1|	gi|129562012|gb|EF462977.1|	97.59	663	9	6	3551	4212	994	1650	0.0	 1103	9428	3192	24	7
gi|5869814|emb|AJ249395.1|	gi|129562012|gb|EF462977.1|	80.84	668	75	24	7144	7771	2538	3192	1e-162	  567	9428	3192	24	7
gi|5869814|emb|AJ249395.1|	gi|129562012|gb|EF462977.1|	93.00	100	3	2	9329	9428	1	96	1e-35	  145	9428	3192	24	1
gi|5869814|emb|AJ249395.1|	gi|129562017|gb|EF193005.1|	75.64	2143	488	21	689	2812	1	2128	0.0	 1465	9428	9210	38	23
gi|5869814|emb|AJ249395.1|	gi|129562017|gb|EF193005.1|	72.58	1517	355	22	4402	5891	2219	3701	0.0	  820	9428	9210	38	16
gi|5869814|emb|AJ249395.1|	gi|129562017|gb|EF193005.1|	72.26	501	125	5	4806	5298	4125	4619	1e-72	  268	9428	9210	38	5
gi|5869814|emb|AJ249395.1|	gi|129562016|gb|EF462981.1|	89.15	1134	79	16	6948	8043	4181	5308	0.0	 1460	9428	5308	17	12
gi|5869814|emb|AJ249395.1|	gi|129562016|gb|EF462981.1|	90.18	224	20	1	1399	1620	840	1063	7e-83	  302	9428	5308	17	2
gi|5869814|emb|AJ249395.1|	gi|129562016|gb|EF462981.1|	89.76	205	19	1	514	718	561	763	3e-74	  273	9428	5308	17	2
gi|5869814|emb|AJ249395.1|	gi|129562016|gb|EF462981.1|	97.87	94	1	1	2570	2663	3939	4031	2e-39	  158	9428	5308	17	1
gi|5869814|emb|AJ249395.1|	gi|108885497|gb|DQ631914.1|	86.55	1227	102	26	7253	8450	4102	5294	0.0	 1413	9428	7472	17	13
gi|5869814|emb|AJ249395.1|	gi|108885497|gb|DQ631914.1|	86.98	169	19	2	6652	6820	739	904	6e-52	  199	9428	7472	17	2
gi|5869814|emb|AJ249395.1|	gi|108885497|gb|DQ631914.1|	86.84	152	11	3	6814	6956	971	1122	6e-46	  179	9428	7472	17	2
gi|5869814|emb|AJ249395.1|	gi|108885497|gb|DQ631914.1|	85.11	141	10	4	6532	6662	512	651	8e-38	  152	9428	7472	17	1
gi|5869814|emb|AJ249395.1|	gi|108885496|gb|DQ631913.1|	88.93	831	59	10	7624	8447	4619	5423	0.0	 1072	9428	7560	12	9
gi|5869814|emb|AJ249395.1|	gi|108885496|gb|DQ631913.1|	82.53	332	49	8	7144	7468	4079	4408	5e-85	  309	9428	7560	12	3
gi|5869814|emb|AJ249395.1|	gi|129562015|gb|EF462980.1|	86.16	867	64	15	6947	7771	4945	5797	0.0	 1005	9428	5797	10	9
gi|5869814|emb|AJ249395.1|	gi|129562015|gb|EF462980.1|	94.55	110	4	1	4753	4862	190	297	1e-42	  168	9428	5797	10	1
gi|5869814|emb|AJ249395.1|	gi|129562014|gb|EF462979.1|	81.82	660	81	22	7144	7771	4828	5480	4e-168	  585	9428	5480	11	7
gi|5869814|emb|AJ249395.1|	gi|129562014|gb|EF462979.1|	87.58	161	18	1	6660	6820	2028	2186	2e-51	  197	9428	5480	11	2
gi|5869814|emb|AJ249395.1|	gi|129562014|gb|EF462979.1|	86.84	152	11	3	6814	6956	2253	2404	6e-46	  179	9428	5480	11	2
gi|5869814|emb|AJ249395.1|	gi|129562014|gb|EF462979.1|	85.11	141	10	4	6532	6662	1794	1933	8e-38	  152	9428	5480	11	1
gi|5869814|emb|AJ249395.1|	gi|197239848|gb|EF462978.2|	82.53	332	49	8	7144	7468	5319	5648	5e-85	  309	9428	6010	5	3
gi|5869814|emb|AJ249395.1|	gi|197239848|gb|EF462978.2|	87.10	155	12	3	7624	7771	5857	6010	5e-47	  183	9428	6010	5	2
gi|108885493|gb|DQ631911.1|	gi|108885493|gb|DQ631911.1|	100.00	7511	0	0	1	7511	1	7511	0.0	13546	7511	7511	100	100
gi|108885493|gb|DQ631911.1|	gi|5869814|emb|AJ249395.1|	97.62	3325	68	9	1	3319	1	3320	0.0	 5615	7511	9428	87	44
gi|108885493|gb|DQ631911.1|	gi|5869814|emb|AJ249395.1|	91.15	2328	133	34	5214	7511	7144	9428	0.0	 3191	7511	9428	87	31
gi|108885493|gb|DQ631911.1|	gi|5869814|emb|AJ249395.1|	97.49	916	15	5	3422	4329	3297	4212	0.0	 1534	7511	9428	87	12
gi|108885493|gb|DQ631911.1|	gi|129562012|gb|EF462977.1|	99.45	2200	3	5	3676	5867	994	3192	0.0	 3900	7511	3192	44	29
gi|108885493|gb|DQ631911.1|	gi|129562012|gb|EF462977.1|	94.93	1046	28	9	1	1022	97	1141	0.0	 1629	7511	3192	44	14
gi|108885493|gb|DQ631911.1|	gi|129562012|gb|EF462977.1|	98.97	97	0	1	7415	7511	1	96	3e-42	  167	7511	3192	44	1
gi|108885493|gb|DQ631911.1|	gi|129562010|gb|EF462976.1|	92.50	2307	108	21	5214	7487	3619	5893	0.0	 3344	7511	6604	30	30
gi|108885493|gb|DQ631911.1|	gi|108885494|gb|DQ631912.1|	91.99	2322	123	29	5214	7487	3348	5654	0.0	 3276	7511	6400	30	30
gi|108885493|gb|DQ631911.1|	gi|108885496|gb|DQ631913.1|	95.10	1143	39	10	4407	5541	3275	4408	0.0	 1779	7511	7560	26	15
gi|108885493|gb|DQ631911.1|	gi|108885496|gb|DQ631913.1|	88.33	831	57	13	5717	6532	4618	5423	0.0	 1040	7511	7560	26	11
gi|108885493|gb|DQ631911.1|	gi|197239848|gb|EF462978.2|	95.02	1145	38	12	4407	5541	4513	5648	0.0	 1772	7511	6010	17	15
gi|108885493|gb|DQ631911.1|	gi|197239848|gb|EF462978.2|	90.97	155	10	3	5717	5867	5856	6010	3e-54	  206	7511	6010	17	2
gi|108885493|gb|DQ631911.1|	gi|129562014|gb|EF462979.1|	90.85	1224	52	19	4660	5867	4301	5480	0.0	 1671	7511	5480	16	16
gi|108885493|gb|DQ631911.1|	gi|108885497|gb|DQ631914.1|	90.38	1227	69	18	5324	6535	4102	5294	0.0	 1644	7511	7472	22	16
gi|108885493|gb|DQ631911.1|	gi|108885497|gb|DQ631914.1|	85.87	453	18	11	4660	5101	3019	3436	1e-148	  520	7511	7472	22	6
gi|108885493|gb|DQ631911.1|	gi|129562017|gb|EF193005.1|	75.77	2142	486	24	688	2810	1	2128	0.0	 1458	7511	9210	28	28
gi|108885493|gb|DQ631911.1|	gi|129562016|gb|EF462981.1|	85.88	942	96	16	5214	6127	4376	5308	0.0	 1061	7511	5308	19	12
gi|108885493|gb|DQ631911.1|	gi|129562016|gb|EF462981.1|	89.29	224	22	1	1399	1620	840	1063	3e-80	  293	7511	5308	19	3
gi|108885493|gb|DQ631911.1|	gi|129562016|gb|EF462981.1|	90.73	205	17	1	513	717	561	763	5e-77	  282	7511	5308	19	3
gi|108885493|gb|DQ631911.1|	gi|129562016|gb|EF462981.1|	98.92	93	1	0	2569	2661	3939	4031	3e-41	  163	7511	5308	19	1
gi|108885493|gb|DQ631911.1|	gi|129562015|gb|EF462980.1|	83.60	677	76	22	5214	5867	5133	5797	0.0	  654	7511	5797	9	9
gi|108885494|gb|DQ631912.1|	gi|108885494|gb|DQ631912.1|	100.00	6400	0	0	1	6400	1	6400	0.0	11542	6400	6400	100	100
gi|108885494|gb|DQ631912.1|	gi|108885494|gb|DQ631912.1|	98.78	491	5	1	871	1361	381	870	0.0	  856	6400	6400	100	8
gi|108885494|gb|DQ631912.1|	gi|108885494|gb|DQ631912.1|	98.78	491	5	1	381	870	871	1361	0.0	  856	6400	6400	100	8
gi|108885494|gb|DQ631912.1|	gi|5869814|emb|AJ249395.1|	97.81	4788	51	23	871	5654	4667	9404	0.0	 8121	6400	9428	88	75
gi|108885494|gb|DQ631912.1|	gi|5869814|emb|AJ249395.1|	97.45	863	17	4	12	870	4296	5157	0.0	 1443	6400	9428	88	13
gi|108885494|gb|DQ631912.1|	gi|129562010|gb|EF462976.1|	93.46	3257	122	35	3154	6400	3429	6604	0.0	 4837	6400	6604	84	51
gi|108885494|gb|DQ631912.1|	gi|129562010|gb|EF462976.1|	98.42	1268	19	1	871	2137	383	1650	0.0	 2194	6400	6604	84	20
gi|108885494|gb|DQ631912.1|	gi|129562010|gb|EF462976.1|	99.20	873	4	3	1	870	1	873	0.0	 1532	6400	6604	84	14
gi|108885494|gb|DQ631912.1|	gi|108885493|gb|DQ631911.1|	91.99	2322	123	29	3348	5654	5214	7487	0.0	 3276	6400	7511	36	36
gi|108885494|gb|DQ631912.1|	gi|129562016|gb|EF462981.1|	90.73	1143	82	19	3152	4285	4181	5308	0.0	 1519	6400	5308	18	18
gi|108885494|gb|DQ631912.1|	gi|108885497|gb|DQ631914.1|	85.94	1252	108	30	3457	4699	4102	5294	0.0	 1391	6400	7472	26	19
gi|108885494|gb|DQ631912.1|	gi|108885497|gb|DQ631914.1|	86.98	169	19	2	2856	3024	739	904	4e-52	  199	6400	7472	26	3
gi|108885494|gb|DQ631912.1|	gi|108885497|gb|DQ631914.1|	86.84	152	11	3	3018	3160	971	1122	4e-46	  179	6400	7472	26	2
gi|108885494|gb|DQ631912.1|	gi|108885497|gb|DQ631914.1|	85.11	141	10	4	2736	2866	512	651	5e-38	  152	6400	7472	26	2
gi|108885494|gb|DQ631912.1|	gi|108885496|gb|DQ631913.1|	87.59	846	59	15	3856	4696	4619	5423	0.0	 1027	6400	7560	18	13
gi|108885494|gb|DQ631912.1|	gi|108885496|gb|DQ631913.1|	84.48	335	42	8	3348	3677	4079	4408	1e-95	  343	6400	7560	18	5
gi|108885494|gb|DQ631912.1|	gi|129562015|gb|EF462980.1|	86.94	873	77	17	3151	4006	4945	5797	0.0	 1018	6400	5797	17	13
gi|108885494|gb|DQ631912.1|	gi|129562015|gb|EF462980.1|	95.45	110	3	1	467	576	190	297	2e-44	  174	6400	5797	17	2
gi|108885494|gb|DQ631912.1|	gi|129562015|gb|EF462980.1|	94.55	110	4	1	957	1066	190	297	7e-43	  168	6400	5797	17	2
gi|108885494|gb|DQ631912.1|	gi|129562017|gb|EF193005.1|	75.41	1094	251	10	1010	2095	2618	3701	0.0	  731	6400	9210	28	17
gi|108885494|gb|DQ631912.1|	gi|129562017|gb|EF193005.1|	70.43	717	169	9	116	813	2219	2911	2e-93	  336	6400	9210	28	11
gi|108885494|gb|DQ631912.1|	gi|129562017|gb|EF193005.1|	71.45	564	139	9	1010	1564	4125	4675	8e-74	  271	6400	9210	28	9
gi|108885494|gb|DQ631912.1|	gi|129562017|gb|EF193005.1|	74.92	299	62	4	520	811	4125	4417	5e-51	  196	6400	9210	28	5
gi|108885494|gb|DQ631912.1|	gi|129562014|gb|EF462979.1|	82.41	671	88	20	3348	4006	4828	5480	2e-177	  616	6400	5480	17	10
gi|108885494|gb|DQ631912.1|	gi|129562014|gb|EF462979.1|	87.58	161	18	1	2864	3024	2028	2186	1e-51	  197	6400	5480	17	3
gi|108885494|gb|DQ631912.1|	gi|129562014|gb|EF462979.1|	86.84	152	11	3	3018	3160	2253	2404	4e-46	  179	6400	5480	17	2
gi|108885494|gb|DQ631912.1|	gi|129562014|gb|EF462979.1|	85.11	141	10	4	2736	2866	1794	1933	5e-38	  152	6400	5480	17	2
gi|108885494|gb|DQ631912.1|	gi|129562012|gb|EF462977.1|	81.43	673	93	17	3348	4006	2538	3192	1e-173	  603	6400	3192	10	10
gi|108885494|gb|DQ631912.1|	gi|197239848|gb|EF462978.2|	84.48	335	42	8	3348	3677	5319	5648	1e-95	  343	6400	6010	8	5
gi|108885494|gb|DQ631912.1|	gi|197239848|gb|EF462978.2|	86.45	155	16	3	3856	4006	5857	6010	5e-45	  176	6400	6010	8	2
gi|108885496|gb|DQ631913.1|	gi|108885496|gb|DQ631913.1|	100.00	7560	0	0	1	7560	1	7560	0.0	13634	7560	7560	100	100
gi|108885496|gb|DQ631913.1|	gi|108885496|gb|DQ631913.1|	92.12	165	8	4	6647	6807	6400	6563	3e-60	  226	7560	7560	100	2
gi|108885496|gb|DQ631913.1|	gi|197239848|gb|EF462978.2|	99.73	4778	4	8	1	4772	1236	6010	0.0	 8531	7560	6010	79	63
gi|108885496|gb|DQ631913.1|	gi|197239848|gb|EF462978.2|	99.76	1235	1	2	6326	7560	3	1235	0.0	 2206	7560	6010	79	16
gi|108885496|gb|DQ631913.1|	gi|197239848|gb|EF462978.2|	92.12	165	8	4	6647	6807	75	238	3e-60	  226	7560	6010	79	2
gi|108885496|gb|DQ631913.1|	gi|108885497|gb|DQ631914.1|	95.58	2013	59	12	4616	6627	4492	6475	0.0	 3202	7560	7472	39	27
gi|108885496|gb|DQ631913.1|	gi|108885497|gb|DQ631914.1|	87.11	450	19	8	3530	3972	3019	3436	2e-157	  549	7560	7472	39	6
gi|108885496|gb|DQ631913.1|	gi|108885497|gb|DQ631914.1|	84.50	342	16	8	6356	6687	6768	7082	3e-105	  376	7560	7472	39	4
gi|108885496|gb|DQ631913.1|	gi|108885497|gb|DQ631914.1|	96.77	217	7	0	4190	4406	4102	4318	2e-100	  360	7560	7472	39	3
gi|108885496|gb|DQ631913.1|	gi|108885497|gb|DQ631914.1|	99.14	116	1	0	7445	7560	6581	6696	1e-53	  205	7560	7472	39	2
gi|108885496|gb|DQ631913.1|	gi|108885497|gb|DQ631914.1|	80.37	163	8	3	6646	6807	6813	6952	1e-39	  158	7560	7472	39	2
gi|108885496|gb|DQ631913.1|	gi|129562012|gb|EF462977.1|	94.94	1146	39	9	3275	4408	1728	2866	0.0	 1783	7560	3192	17	15
gi|108885496|gb|DQ631913.1|	gi|129562012|gb|EF462977.1|	90.97	155	10	3	4618	4772	3042	3192	3e-54	  206	7560	3192	17	2
gi|108885496|gb|DQ631913.1|	gi|108885493|gb|DQ631911.1|	95.10	1143	39	10	3275	4408	4407	5541	0.0	 1779	7560	7511	26	15
gi|108885496|gb|DQ631913.1|	gi|108885493|gb|DQ631911.1|	88.33	831	57	13	4618	5423	5717	6532	0.0	 1040	7560	7511	26	11
gi|108885496|gb|DQ631913.1|	gi|129562014|gb|EF462979.1|	90.76	887	39	10	3530	4406	4301	5154	0.0	 1223	7560	5480	21	12
gi|108885496|gb|DQ631913.1|	gi|129562014|gb|EF462979.1|	84.80	342	16	7	6356	6687	576	891	2e-107	  383	7560	5480	21	4
gi|108885496|gb|DQ631913.1|	gi|129562014|gb|EF462979.1|	99.14	116	1	0	7445	7560	389	504	1e-53	  205	7560	5480	21	2
gi|108885496|gb|DQ631913.1|	gi|129562014|gb|EF462979.1|	89.81	157	12	3	4616	4772	5328	5480	1e-52	  201	7560	5480	21	2
gi|108885496|gb|DQ631913.1|	gi|129562014|gb|EF462979.1|	80.37	163	8	3	6646	6807	622	761	1e-39	  158	7560	5480	21	2
gi|108885496|gb|DQ631913.1|	gi|5869814|emb|AJ249395.1|	88.93	831	59	10	4619	5423	7624	8447	0.0	 1072	7560	9428	17	11
gi|108885496|gb|DQ631913.1|	gi|5869814|emb|AJ249395.1|	82.53	332	49	8	4079	4408	7144	7468	4e-85	  309	7560	9428	17	4
gi|108885496|gb|DQ631913.1|	gi|5869814|emb|AJ249395.1|	90.70	129	9	1	3751	3876	4182	4310	2e-45	  178	7560	9428	17	2
gi|108885496|gb|DQ631913.1|	gi|129562010|gb|EF462976.1|	87.97	848	58	14	4613	5423	4094	4934	0.0	 1047	7560	6604	15	11
gi|108885496|gb|DQ631913.1|	gi|129562010|gb|EF462976.1|	87.99	333	33	6	4079	4408	3619	3947	3e-112	  399	7560	6604	15	4
gi|108885496|gb|DQ631913.1|	gi|108885494|gb|DQ631912.1|	87.59	846	59	15	4619	5423	3856	4696	0.0	 1027	7560	6400	15	11
gi|108885496|gb|DQ631913.1|	gi|108885494|gb|DQ631912.1|	84.48	335	42	8	4079	4408	3348	3677	2e-95	  343	7560	6400	15	4
gi|108885496|gb|DQ631913.1|	gi|129562016|gb|EF462981.1|	88.55	463	33	7	4591	5042	4855	5308	1e-167	  583	7560	5308	18	6
gi|108885496|gb|DQ631913.1|	gi|129562016|gb|EF462981.1|	76.73	520	43	11	6959	7419	1120	1620	1e-116	  414	7560	5308	18	6
gi|108885496|gb|DQ631913.1|	gi|129562016|gb|EF462981.1|	87.61	331	38	3	4079	4408	4376	4704	7e-113	  401	7560	5308	18	4
gi|108885496|gb|DQ631913.1|	gi|129562016|gb|EF462981.1|	88.57	105	8	4	6545	6647	1114	1216	1e-28	  122	7560	5308	18	1
gi|108885496|gb|DQ631913.1|	gi|129562015|gb|EF462980.1|	76.90	710	103	20	4079	4772	5133	5797	2e-144	  506	7560	5797	9	9
gi|108885496|gb|DQ631913.1|	gi|129562017|gb|EF193005.1|	76.29	367	62	17	4985	5333	7051	7410	5e-58	  219	7560	9210	5	5
gi|108885497|gb|DQ631914.1|	gi|108885497|gb|DQ631914.1|	100.00	7472	0	0	1	7472	1	7472	0.0	13476	7472	7472	100	100
gi|108885497|gb|DQ631914.1|	gi|108885497|gb|DQ631914.1|	77.13	446	60	17	6768	7189	6227	6654	4e-84	  306	7472	7472	100	6
gi|108885497|gb|DQ631914.1|	gi|108885497|gb|DQ631914.1|	83.33	126	14	3	7065	7190	6918	7036	8e-30	  125	7472	7472	100	2
gi|108885497|gb|DQ631914.1|	gi|108885497|gb|DQ631914.1|	83.33	126	14	3	6918	7036	7065	7190	8e-30	  125	7472	7472	100	2
gi|108885497|gb|DQ631914.1|	gi|129562014|gb|EF462979.1|	99.77	3436	7	1	1	3436	1283	4717	0.0	 6157	7472	5480	70	46
gi|108885497|gb|DQ631914.1|	gi|129562014|gb|EF462979.1|	99.07	1284	5	6	6194	7472	1	1282	0.0	 2241	7472	5480	70	17
gi|108885497|gb|DQ631914.1|	gi|129562014|gb|EF462979.1|	100.00	543	0	0	4102	4644	4938	5480	0.0	  980	7472	5480	70	7
gi|108885497|gb|DQ631914.1|	gi|129562014|gb|EF462979.1|	83.33	126	14	3	7065	7190	727	845	8e-30	  125	7472	5480	70	2
gi|108885497|gb|DQ631914.1|	gi|129562014|gb|EF462979.1|	83.33	126	14	3	6918	7036	874	999	8e-30	  125	7472	5480	70	2
gi|108885497|gb|DQ631914.1|	gi|108885496|gb|DQ631913.1|	95.58	2013	59	12	4492	6475	4616	6627	0.0	 3202	7472	7560	43	27
gi|108885497|gb|DQ631914.1|	gi|108885496|gb|DQ631913.1|	87.11	450	19	8	3019	3436	3530	3972	2e-157	  549	7472	7560	43	6
gi|108885497|gb|DQ631914.1|	gi|108885496|gb|DQ631913.1|	84.50	342	16	8	6768	7082	6356	6687	3e-105	  376	7472	7560	43	4
gi|108885497|gb|DQ631914.1|	gi|108885496|gb|DQ631913.1|	96.77	217	7	0	4102	4318	4190	4406	2e-100	  360	7472	7560	43	3
gi|108885497|gb|DQ631914.1|	gi|108885496|gb|DQ631913.1|	99.14	116	1	0	6581	6696	7445	7560	1e-53	  205	7472	7560	43	2
gi|108885497|gb|DQ631914.1|	gi|108885496|gb|DQ631913.1|	82.27	141	18	4	7085	7225	6955	7088	2e-31	  131	7472	7560	43	2
gi|108885497|gb|DQ631914.1|	gi|108885496|gb|DQ631913.1|	81.75	126	16	3	7065	7190	6529	6647	4e-27	  116	7472	7560	43	2
gi|108885497|gb|DQ631914.1|	gi|108885493|gb|DQ631911.1|	90.38	1227	69	18	4102	5294	5324	6535	0.0	 1644	7472	7511	22	16
gi|108885497|gb|DQ631914.1|	gi|108885493|gb|DQ631911.1|	85.87	453	18	11	3019	3436	4660	5101	1e-148	  520	7472	7511	22	6
gi|108885497|gb|DQ631914.1|	gi|5869814|emb|AJ249395.1|	86.55	1227	102	26	4102	5294	7253	8450	0.0	 1413	7472	9428	22	16
gi|108885497|gb|DQ631914.1|	gi|5869814|emb|AJ249395.1|	86.98	169	19	2	739	904	6652	6820	5e-52	  199	7472	9428	22	2
gi|108885497|gb|DQ631914.1|	gi|5869814|emb|AJ249395.1|	86.84	152	11	3	971	1122	6814	6956	4e-46	  179	7472	9428	22	2
gi|108885497|gb|DQ631914.1|	gi|5869814|emb|AJ249395.1|	85.11	141	10	4	512	651	6532	6662	6e-38	  152	7472	9428	22	2
gi|108885497|gb|DQ631914.1|	gi|108885494|gb|DQ631912.1|	85.94	1252	108	30	4102	5294	3457	4699	0.0	 1391	7472	6400	22	16
gi|108885497|gb|DQ631914.1|	gi|108885494|gb|DQ631912.1|	86.98	169	19	2	739	904	2856	3024	5e-52	  199	7472	6400	22	2
gi|108885497|gb|DQ631914.1|	gi|108885494|gb|DQ631912.1|	86.84	152	11	3	971	1122	3018	3160	4e-46	  179	7472	6400	22	2
gi|108885497|gb|DQ631914.1|	gi|108885494|gb|DQ631912.1|	85.11	141	10	4	512	651	2736	2866	6e-38	  152	7472	6400	22	2
gi|108885497|gb|DQ631914.1|	gi|129562010|gb|EF462976.1|	84.75	1239	113	28	4102	5294	3729	4937	0.0	 1324	7472	6604	16	16
gi|108885497|gb|DQ631914.1|	gi|129562016|gb|EF462981.1|	87.23	830	79	16	4102	4912	4487	5308	0.0	  971	7472	5308	15	11
gi|108885497|gb|DQ631914.1|	gi|129562016|gb|EF462981.1|	78.48	223	41	6	6395	6612	1114	1334	1e-41	  165	7472	5308	15	3
gi|108885497|gb|DQ631914.1|	gi|129562016|gb|EF462981.1|	87.61	113	9	2	7110	7222	1138	1245	5e-33	  136	7472	5308	15	2
gi|108885497|gb|DQ631914.1|	gi|129562012|gb|EF462977.1|	92.91	550	26	7	4102	4644	2649	3192	0.0	  796	7472	3192	13	7
gi|108885497|gb|DQ631914.1|	gi|129562012|gb|EF462977.1|	85.87	453	18	11	3019	3436	1981	2422	1e-148	  520	7472	3192	13	6
gi|108885497|gb|DQ631914.1|	gi|129562015|gb|EF462980.1|	83.84	563	62	15	4102	4644	5244	5797	1e-161	  563	7472	5797	15	7
gi|108885497|gb|DQ631914.1|	gi|129562015|gb|EF462980.1|	89.94	159	15	1	832	989	4017	4175	7e-56	  212	7472	5797	15	2
gi|108885497|gb|DQ631914.1|	gi|129562015|gb|EF462980.1|	83.42	193	31	1	991	1182	4355	4547	1e-52	  201	7472	5797	15	3
gi|108885497|gb|DQ631914.1|	gi|129562015|gb|EF462980.1|	82.52	143	22	3	80	221	3738	3878	2e-32	  134	7472	5797	15	2
gi|108885497|gb|DQ631914.1|	gi|129562015|gb|EF462980.1|	73.66	205	51	2	2	205	3111	3313	4e-28	  120	7472	5797	15	3
gi|108885497|gb|DQ631914.1|	gi|197239848|gb|EF462978.2|	86.89	450	20	8	3019	3436	4770	5212	3e-156	  545	7472	6010	18	6
gi|108885497|gb|DQ631914.1|	gi|197239848|gb|EF462978.2|	85.20	331	13	7	6780	7082	40	362	8e-106	  378	7472	6010	18	4
gi|108885497|gb|DQ631914.1|	gi|197239848|gb|EF462978.2|	96.77	217	7	0	4102	4318	5430	5646	2e-100	  360	7472	6010	18	3
gi|108885497|gb|DQ631914.1|	gi|197239848|gb|EF462978.2|	99.30	142	1	0	6581	6722	1120	1261	8e-68	  251	7472	6010	18	2
gi|108885497|gb|DQ631914.1|	gi|197239848|gb|EF462978.2|	89.81	157	12	3	4492	4644	5854	6010	1e-52	  201	7472	6010	18	2
gi|108885497|gb|DQ631914.1|	gi|197239848|gb|EF462978.2|	82.27	141	18	4	7085	7225	630	763	2e-31	  131	7472	6010	18	2
gi|108885497|gb|DQ631914.1|	gi|197239848|gb|EF462978.2|	81.75	126	16	3	7065	7190	204	322	4e-27	  116	7472	6010	18	2
gi|108885497|gb|DQ631914.1|	gi|129562017|gb|EF193005.1|	76.57	367	61	17	4855	5203	7051	7410	1e-59	  224	7472	9210	5	5
gi|129562010|gb|EF462976.1|	gi|129562010|gb|EF462976.1|	100.00	6604	0	0	1	6604	1	6604	0.0	11910	6604	6604	100	100
gi|129562010|gb|EF462976.1|	gi|129562010|gb|EF462976.1|	92.80	125	5	3	3264	3384	3073	3197	5e-45	  176	6604	6604	100	2
gi|129562010|gb|EF462976.1|	gi|129562010|gb|EF462976.1|	92.80	125	5	3	3073	3197	3264	3384	5e-45	  176	6604	6604	100	2
gi|129562010|gb|EF462976.1|	gi|108885494|gb|DQ631912.1|	93.46	3257	122	35	3429	6604	3154	6400	0.0	 4837	6604	6400	73	48
gi|129562010|gb|EF462976.1|	gi|108885494|gb|DQ631912.1|	98.42	1268	19	1	383	1650	871	2137	0.0	 2194	6604	6400	73	19
gi|129562010|gb|EF462976.1|	gi|108885494|gb|DQ631912.1|	99.20	873	4	3	1	873	1	870	0.0	 1532	6604	6400	73	13
gi|129562010|gb|EF462976.1|	gi|5869814|emb|AJ249395.1|	91.08	2499	145	25	3429	5893	6950	9404	0.0	 3469	6604	9428	66	37
gi|129562010|gb|EF462976.1|	gi|5869814|emb|AJ249395.1|	97.81	1645	31	4	12	1653	4296	5938	0.0	 2794	6604	9428	66	25
gi|129562010|gb|EF462976.1|	gi|5869814|emb|AJ249395.1|	89.33	150	11	3	3076	3225	1536	1680	2e-49	  190	6604	9428	66	2
gi|129562010|gb|EF462976.1|	gi|5869814|emb|AJ249395.1|	90.98	122	8	2	3267	3388	1536	1654	9e-42	  165	6604	9428	66	2
gi|129562010|gb|EF462976.1|	gi|108885493|gb|DQ631911.1|	92.50	2307	108	21	3619	5893	5214	7487	0.0	 3344	6604	7511	38	34
gi|129562010|gb|EF462976.1|	gi|108885493|gb|DQ631911.1|	86.75	151	14	3	3076	3226	1536	1680	2e-44	  174	6604	7511	38	2
gi|129562010|gb|EF462976.1|	gi|108885493|gb|DQ631911.1|	90.52	116	9	2	3267	3381	1536	1650	5e-38	  152	6604	7511	38	2
gi|129562010|gb|EF462976.1|	gi|129562016|gb|EF462981.1|	89.66	1190	83	15	3374	4529	4125	5308	0.0	 1561	6604	5308	19	18
gi|129562010|gb|EF462976.1|	gi|129562016|gb|EF462981.1|	91.86	86	6	1	3267	3352	979	1063	3e-28	  120	6604	5308	19	1
gi|129562010|gb|EF462976.1|	gi|108885497|gb|DQ631914.1|	84.75	1239	113	28	3729	4937	4102	5294	0.0	 1324	6604	7472	18	18
gi|129562010|gb|EF462976.1|	gi|108885496|gb|DQ631913.1|	87.97	848	58	14	4094	4934	4613	5423	0.0	 1047	6604	7560	18	13
gi|129562010|gb|EF462976.1|	gi|108885496|gb|DQ631913.1|	87.99	333	33	6	3619	3947	4079	4408	2e-112	  399	6604	7560	18	5
gi|129562010|gb|EF462976.1|	gi|129562015|gb|EF462980.1|	85.88	850	67	15	3441	4251	4962	5797	0.0	  973	6604	5797	14	12
gi|129562010|gb|EF462976.1|	gi|129562015|gb|EF462980.1|	95.45	110	3	1	469	578	190	297	2e-44	  174	6604	5797	14	2
gi|129562010|gb|EF462976.1|	gi|129562017|gb|EF193005.1|	72.79	1514	352	18	117	1604	2219	3698	0.0	  847	6604	9210	23	23
gi|129562010|gb|EF462976.1|	gi|129562017|gb|EF193005.1|	71.10	564	141	9	522	1076	4125	4675	4e-71	  262	6604	9210	23	8
gi|129562010|gb|EF462976.1|	gi|129562012|gb|EF462977.1|	80.87	664	87	16	3619	4251	2538	3192	2e-169	  589	6604	3192	10	10
gi|129562010|gb|EF462976.1|	gi|129562014|gb|EF462979.1|	81.15	663	85	18	3619	4251	4828	5480	8e-169	  587	6604	5480	10	10
gi|129562010|gb|EF462976.1|	gi|197239848|gb|EF462978.2|	87.99	333	33	6	3619	3947	5319	5648	2e-112	  399	6604	6010	7	5
gi|129562010|gb|EF462976.1|	gi|197239848|gb|EF462978.2|	87.04	162	15	3	4094	4251	5851	6010	2e-49	  190	6604	6010	7	2
gi|129562012|gb|EF462977.1|	gi|129562012|gb|EF462977.1|	100.00	3192	0	0	1	3192	1	3192	0.0	 5757	3192	3192	100	100
gi|129562012|gb|EF462977.1|	gi|108885493|gb|DQ631911.1|	99.45	2200	3	5	994	3192	3676	5867	0.0	 3900	3192	7511	100	69
gi|129562012|gb|EF462977.1|	gi|108885493|gb|DQ631911.1|	94.93	1046	28	9	97	1141	1	1022	0.0	 1629	3192	7511	100	33
gi|129562012|gb|EF462977.1|	gi|108885493|gb|DQ631911.1|	98.97	97	0	1	1	96	7415	7511	1e-42	  167	3192	7511	100	3
gi|129562012|gb|EF462977.1|	gi|108885496|gb|DQ631913.1|	94.94	1146	39	9	1728	2866	3275	4408	0.0	 1783	3192	7560	40	36
gi|129562012|gb|EF462977.1|	gi|108885496|gb|DQ631913.1|	90.97	155	10	3	3042	3192	4618	4772	1e-54	  206	3192	7560	40	5
gi|129562012|gb|EF462977.1|	gi|197239848|gb|EF462978.2|	94.86	1148	38	11	1728	2866	4513	5648	0.0	 1773	3192	6010	40	36
gi|129562012|gb|EF462977.1|	gi|197239848|gb|EF462978.2|	90.97	155	10	3	3042	3192	5856	6010	1e-54	  206	3192	6010	40	5
gi|129562012|gb|EF462977.1|	gi|129562014|gb|EF462979.1|	90.64	1228	51	20	1981	3192	4301	5480	0.0	 1663	3192	5480	38	38
gi|129562012|gb|EF462977.1|	gi|5869814|emb|AJ249395.1|	98.14	915	16	1	97	1010	1	915	0.0	 1570	3192	9428	72	29
gi|129562012|gb|EF462977.1|	gi|5869814|emb|AJ249395.1|	97.59	663	9	6	994	1650	3551	4212	0.0	 1103	3192	9428	72	21
gi|129562012|gb|EF462977.1|	gi|5869814|emb|AJ249395.1|	80.84	668	75	24	2538	3192	7144	7771	4e-163	  567	3192	9428	72	21
gi|129562012|gb|EF462977.1|	gi|5869814|emb|AJ249395.1|	93.00	100	3	2	1	96	9329	9428	4e-36	  145	3192	9428	72	3
gi|129562012|gb|EF462977.1|	gi|108885497|gb|DQ631914.1|	92.91	550	26	7	2649	3192	4102	4644	0.0	  796	3192	7472	31	17
gi|129562012|gb|EF462977.1|	gi|108885497|gb|DQ631914.1|	85.87	453	18	11	1981	2422	3019	3436	5e-149	  520	3192	7472	31	14
gi|129562012|gb|EF462977.1|	gi|129562016|gb|EF462981.1|	83.89	664	89	14	2538	3192	4376	5030	0.0	  668	3192	5308	27	21
gi|129562012|gb|EF462977.1|	gi|129562016|gb|EF462981.1|	90.73	205	17	1	609	813	561	763	2e-77	  282	3192	5308	27	6
gi|129562012|gb|EF462977.1|	gi|129562015|gb|EF462980.1|	83.60	677	77	21	2538	3192	5133	5797	0.0	  657	3192	5797	21	21
gi|129562012|gb|EF462977.1|	gi|108885494|gb|DQ631912.1|	81.43	673	93	17	2538	3192	3348	4006	5e-174	  603	3192	6400	21	21
gi|129562012|gb|EF462977.1|	gi|129562010|gb|EF462976.1|	80.87	664	87	16	2538	3192	3619	4251	1e-169	  589	3192	6604	21	21
gi|129562014|gb|EF462979.1|	gi|129562014|gb|EF462979.1|	100.00	5480	0	0	1	5480	1	5480	0.0	 9883	5480	5480	100	100
gi|129562014|gb|EF462979.1|	gi|129562014|gb|EF462979.1|	83.33	126	14	3	874	999	727	845	6e-30	  125	5480	5480	100	2
gi|129562014|gb|EF462979.1|	gi|129562014|gb|EF462979.1|	83.33	126	14	3	727	845	874	999	6e-30	  125	5480	5480	100	2
gi|129562014|gb|EF462979.1|	gi|108885497|gb|DQ631914.1|	99.77	3436	7	1	1283	4717	1	3436	0.0	 6157	5480	7472	96	63
gi|129562014|gb|EF462979.1|	gi|108885497|gb|DQ631914.1|	99.07	1284	5	6	1	1282	6194	7472	0.0	 2241	5480	7472	96	23
gi|129562014|gb|EF462979.1|	gi|108885497|gb|DQ631914.1|	100.00	543	0	0	4938	5480	4102	4644	0.0	  980	5480	7472	96	10
gi|129562014|gb|EF462979.1|	gi|108885497|gb|DQ631914.1|	77.18	447	63	16	576	998	6223	6654	3e-85	  309	5480	7472	96	8
gi|129562014|gb|EF462979.1|	gi|108885497|gb|DQ631914.1|	83.33	126	14	3	874	999	6918	7036	6e-30	  125	5480	7472	96	2
gi|129562014|gb|EF462979.1|	gi|108885497|gb|DQ631914.1|	83.33	126	14	3	727	845	7065	7190	6e-30	  125	5480	7472	96	2
gi|129562014|gb|EF462979.1|	gi|108885493|gb|DQ631911.1|	90.85	1224	52	19	4301	5480	4660	5867	0.0	 1671	5480	7511	22	22
gi|129562014|gb|EF462979.1|	gi|129562012|gb|EF462977.1|	90.64	1228	51	20	4301	5480	1981	3192	0.0	 1663	5480	3192	22	22
gi|129562014|gb|EF462979.1|	gi|108885496|gb|DQ631913.1|	90.76	887	39	10	4301	5154	3530	4406	0.0	 1223	5480	7560	29	16
gi|129562014|gb|EF462979.1|	gi|108885496|gb|DQ631913.1|	84.80	342	16	7	576	891	6356	6687	1e-107	  383	5480	7560	29	6
gi|129562014|gb|EF462979.1|	gi|108885496|gb|DQ631913.1|	99.14	116	1	0	389	504	7445	7560	8e-54	  205	5480	7560	29	2
gi|129562014|gb|EF462979.1|	gi|108885496|gb|DQ631913.1|	89.81	157	12	3	5328	5480	4616	4772	1e-52	  201	5480	7560	29	3
gi|129562014|gb|EF462979.1|	gi|108885496|gb|DQ631913.1|	82.27	141	18	4	894	1034	6955	7088	1e-31	  131	5480	7560	29	3
gi|129562014|gb|EF462979.1|	gi|108885496|gb|DQ631913.1|	81.75	126	16	3	874	999	6529	6647	3e-27	  116	5480	7560	29	2
gi|129562014|gb|EF462979.1|	gi|197239848|gb|EF462978.2|	90.64	887	40	10	4301	5154	4770	5646	0.0	 1220	5480	6010	29	16
gi|129562014|gb|EF462979.1|	gi|197239848|gb|EF462978.2|	84.50	342	19	6	576	891	29	362	5e-107	  381	5480	6010	29	6
gi|129562014|gb|EF462979.1|	gi|197239848|gb|EF462978.2|	99.30	142	1	0	389	530	1120	1261	6e-68	  251	5480	6010	29	3
gi|129562014|gb|EF462979.1|	gi|197239848|gb|EF462978.2|	89.81	157	12	3	5328	5480	5854	6010	1e-52	  201	5480	6010	29	3
gi|129562014|gb|EF462979.1|	gi|197239848|gb|EF462978.2|	82.27	141	18	4	894	1034	630	763	1e-31	  131	5480	6010	29	3
gi|129562014|gb|EF462979.1|	gi|197239848|gb|EF462978.2|	81.75	126	16	3	874	999	204	322	3e-27	  116	5480	6010	29	2
gi|129562014|gb|EF462979.1|	gi|129562016|gb|EF462981.1|	85.24	664	78	16	4828	5480	4376	5030	0.0	  702	5480	5308	18	12
gi|129562014|gb|EF462979.1|	gi|129562016|gb|EF462981.1|	79.46	224	40	4	200	420	1114	1334	8e-48	  185	5480	5308	18	4
gi|129562014|gb|EF462979.1|	gi|129562016|gb|EF462981.1|	87.61	113	9	2	919	1031	1138	1245	3e-33	  136	5480	5308	18	2
gi|129562014|gb|EF462979.1|	gi|129562015|gb|EF462980.1|	83.70	675	78	18	4828	5480	5133	5797	0.0	  670	5480	5797	24	12
gi|129562014|gb|EF462979.1|	gi|129562015|gb|EF462980.1|	89.94	159	15	1	2114	2271	4017	4175	5e-56	  212	5480	5797	24	3
gi|129562014|gb|EF462979.1|	gi|129562015|gb|EF462980.1|	83.42	193	31	1	2273	2464	4355	4547	1e-52	  201	5480	5797	24	4
gi|129562014|gb|EF462979.1|	gi|129562015|gb|EF462980.1|	76.34	279	62	3	1211	1487	3037	3313	4e-51	  196	5480	5797	24	5
gi|129562014|gb|EF462979.1|	gi|129562015|gb|EF462980.1|	82.52	143	22	3	1362	1503	3738	3878	1e-32	  134	5480	5797	24	3
gi|129562014|gb|EF462979.1|	gi|108885494|gb|DQ631912.1|	82.41	671	88	20	4828	5480	3348	4006	1e-177	  616	5480	6400	20	12
gi|129562014|gb|EF462979.1|	gi|108885494|gb|DQ631912.1|	87.58	161	18	1	2028	2186	2864	3024	1e-51	  197	5480	6400	20	3
gi|129562014|gb|EF462979.1|	gi|108885494|gb|DQ631912.1|	86.84	152	11	3	2253	2404	3018	3160	3e-46	  179	5480	6400	20	3
gi|129562014|gb|EF462979.1|	gi|108885494|gb|DQ631912.1|	85.11	141	10	4	1794	1933	2736	2866	4e-38	  152	5480	6400	20	3
gi|129562014|gb|EF462979.1|	gi|129562010|gb|EF462976.1|	81.15	663	85	18	4828	5480	3619	4251	7e-169	  587	5480	6604	12	12
gi|129562014|gb|EF462979.1|	gi|5869814|emb|AJ249395.1|	81.82	660	81	22	4828	5480	7144	7771	2e-168	  585	5480	9428	20	12
gi|129562014|gb|EF462979.1|	gi|5869814|emb|AJ249395.1|	87.58	161	18	1	2028	2186	6660	6820	1e-51	  197	5480	9428	20	3
gi|129562014|gb|EF462979.1|	gi|5869814|emb|AJ249395.1|	86.84	152	11	3	2253	2404	6814	6956	3e-46	  179	5480	9428	20	3
gi|129562014|gb|EF462979.1|	gi|5869814|emb|AJ249395.1|	85.11	141	10	4	1794	1933	6532	6662	4e-38	  152	5480	9428	20	3
gi|129562015|gb|EF462980.1|	gi|129562015|gb|EF462980.1|	100.00	5797	0	0	1	5797	1	5797	0.0	10455	5797	5797	100	100
gi|129562015|gb|EF462980.1|	gi|129562016|gb|EF462981.1|	90.90	890	50	15	4924	5797	4156	5030	0.0	 1200	5797	5308	15	15
gi|129562015|gb|EF462980.1|	gi|108885494|gb|DQ631912.1|	86.94	873	77	17	4945	5797	3151	4006	0.0	 1018	5797	6400	17	15
gi|129562015|gb|EF462980.1|	gi|108885494|gb|DQ631912.1|	95.45	110	3	1	190	297	467	576	1e-44	  174	5797	6400	17	2
gi|129562015|gb|EF462980.1|	gi|108885494|gb|DQ631912.1|	94.55	110	4	1	190	297	957	1066	6e-43	  168	5797	6400	17	2
gi|129562015|gb|EF462980.1|	gi|5869814|emb|AJ249395.1|	86.16	867	64	15	4945	5797	6947	7771	0.0	 1005	5797	9428	17	15
gi|129562015|gb|EF462980.1|	gi|5869814|emb|AJ249395.1|	94.55	110	4	1	190	297	4753	4862	6e-43	  168	5797	9428	17	2
gi|129562015|gb|EF462980.1|	gi|129562010|gb|EF462976.1|	85.88	850	67	15	4962	5797	3441	4251	0.0	  973	5797	6604	16	14
gi|129562015|gb|EF462980.1|	gi|129562010|gb|EF462976.1|	95.45	110	3	1	190	297	469	578	1e-44	  174	5797	6604	16	2
gi|129562015|gb|EF462980.1|	gi|129562014|gb|EF462979.1|	83.70	675	78	18	5133	5797	4828	5480	0.0	  670	5797	5480	25	11
gi|129562015|gb|EF462980.1|	gi|129562014|gb|EF462979.1|	89.94	159	15	1	4017	4175	2114	2271	6e-56	  212	5797	5480	25	3
gi|129562015|gb|EF462980.1|	gi|129562014|gb|EF462979.1|	83.42	193	31	1	4355	4547	2273	2464	1e-52	  201	5797	5480	25	3
gi|129562015|gb|EF462980.1|	gi|129562014|gb|EF462979.1|	76.34	279	62	3	3037	3313	1211	1487	4e-51	  196	5797	5480	25	5
gi|129562015|gb|EF462980.1|	gi|129562014|gb|EF462979.1|	82.52	143	22	3	3738	3878	1362	1503	1e-32	  134	5797	5480	25	2
gi|129562015|gb|EF462980.1|	gi|129562012|gb|EF462977.1|	83.60	677	77	21	5133	5797	2538	3192	0.0	  657	5797	3192	11	11
gi|129562015|gb|EF462980.1|	gi|108885493|gb|DQ631911.1|	83.60	677	76	22	5133	5797	5214	5867	0.0	  654	5797	7511	11	11
gi|129562015|gb|EF462980.1|	gi|108885497|gb|DQ631914.1|	83.84	563	62	15	5244	5797	4102	4644	8e-162	  563	5797	7472	22	10
gi|129562015|gb|EF462980.1|	gi|108885497|gb|DQ631914.1|	89.94	159	15	1	4017	4175	832	989	6e-56	  212	5797	7472	22	3
gi|129562015|gb|EF462980.1|	gi|108885497|gb|DQ631914.1|	83.42	193	31	1	4355	4547	991	1182	1e-52	  201	5797	7472	22	3
gi|129562015|gb|EF462980.1|	gi|108885497|gb|DQ631914.1|	82.52	143	22	3	3738	3878	80	221	1e-32	  134	5797	7472	22	2
gi|129562015|gb|EF462980.1|	gi|108885497|gb|DQ631914.1|	73.66	205	51	2	3111	3313	2	205	3e-28	  120	5797	7472	22	4
gi|129562015|gb|EF462980.1|	gi|108885496|gb|DQ631913.1|	76.90	710	103	20	5133	5797	4079	4772	2e-144	  506	5797	7560	11	11
gi|129562015|gb|EF462980.1|	gi|197239848|gb|EF462978.2|	76.87	709	103	20	5133	5797	5319	6010	7e-144	  504	5797	6010	11	11
gi|129562016|gb|EF462981.1|	gi|129562016|gb|EF462981.1|	100.00	5308	0	0	1	5308	1	5308	0.0	 9573	5308	5308	100	100
gi|129562016|gb|EF462981.1|	gi|129562010|gb|EF462976.1|	89.66	1190	83	15	4125	5308	3374	4529	0.0	 1561	5308	6604	22	22
gi|129562016|gb|EF462981.1|	gi|108885494|gb|DQ631912.1|	90.73	1143	82	19	4181	5308	3152	4285	0.0	 1519	5308	6400	21	21
gi|129562016|gb|EF462981.1|	gi|5869814|emb|AJ249395.1|	89.15	1134	79	16	4181	5308	6948	8043	0.0	 1460	5308	9428	31	21
gi|129562016|gb|EF462981.1|	gi|5869814|emb|AJ249395.1|	90.18	224	20	1	840	1063	1399	1620	4e-83	  302	5308	9428	31	4
gi|129562016|gb|EF462981.1|	gi|5869814|emb|AJ249395.1|	89.76	205	19	1	561	763	514	718	2e-74	  273	5308	9428	31	4
gi|129562016|gb|EF462981.1|	gi|5869814|emb|AJ249395.1|	97.87	94	1	1	3939	4031	2570	2663	1e-39	  158	5308	9428	31	2
gi|129562016|gb|EF462981.1|	gi|129562015|gb|EF462980.1|	90.90	890	50	15	4156	5030	4924	5797	0.0	 1200	5308	5797	16	16
gi|129562016|gb|EF462981.1|	gi|108885493|gb|DQ631911.1|	85.88	942	96	16	4376	5308	5214	6127	0.0	 1061	5308	7511	27	18
gi|129562016|gb|EF462981.1|	gi|108885493|gb|DQ631911.1|	89.29	224	22	1	840	1063	1399	1620	2e-80	  293	5308	7511	27	4
gi|129562016|gb|EF462981.1|	gi|108885493|gb|DQ631911.1|	90.73	205	17	1	561	763	513	717	4e-77	  282	5308	7511	27	4
gi|129562016|gb|EF462981.1|	gi|108885493|gb|DQ631911.1|	98.92	93	1	0	3939	4031	2569	2661	2e-41	  163	5308	7511	27	2
gi|129562016|gb|EF462981.1|	gi|108885497|gb|DQ631914.1|	87.23	830	79	16	4487	5308	4102	4912	0.0	  971	5308	7472	20	15
gi|129562016|gb|EF462981.1|	gi|108885497|gb|DQ631914.1|	78.48	223	41	6	1114	1334	6395	6612	7e-42	  165	5308	7472	20	4
gi|129562016|gb|EF462981.1|	gi|108885497|gb|DQ631914.1|	76.65	227	34	10	1114	1336	6934	7145	2e-35	  143	5308	7472	20	4
gi|129562016|gb|EF462981.1|	gi|108885497|gb|DQ631914.1|	87.61	113	9	2	1138	1245	7110	7222	3e-33	  136	5308	7472	20	2
gi|129562016|gb|EF462981.1|	gi|129562014|gb|EF462979.1|	85.24	664	78	16	4376	5030	4828	5480	0.0	  702	5308	5480	17	12
gi|129562016|gb|EF462981.1|	gi|129562014|gb|EF462979.1|	79.46	224	40	4	1114	1334	200	420	7e-48	  185	5308	5480	17	4
gi|129562016|gb|EF462981.1|	gi|129562014|gb|EF462979.1|	76.65	227	34	10	1114	1336	743	954	2e-35	  143	5308	5480	17	4
gi|129562016|gb|EF462981.1|	gi|129562014|gb|EF462979.1|	87.61	113	9	2	1138	1245	919	1031	3e-33	  136	5308	5480	17	2
gi|129562016|gb|EF462981.1|	gi|129562012|gb|EF462977.1|	83.89	664	89	14	4376	5030	2538	3192	0.0	  668	5308	3192	16	12
gi|129562016|gb|EF462981.1|	gi|129562012|gb|EF462977.1|	90.73	205	17	1	561	763	609	813	4e-77	  282	5308	3192	16	4
gi|129562016|gb|EF462981.1|	gi|108885496|gb|DQ631913.1|	88.55	463	33	7	4855	5308	4591	5042	8e-168	  583	5308	7560	24	9
gi|129562016|gb|EF462981.1|	gi|108885496|gb|DQ631913.1|	76.73	520	43	11	1120	1620	6959	7419	8e-117	  414	5308	7560	24	9
gi|129562016|gb|EF462981.1|	gi|108885496|gb|DQ631913.1|	87.61	331	38	3	4376	4704	4079	4408	5e-113	  401	5308	7560	24	6
gi|129562016|gb|EF462981.1|	gi|108885496|gb|DQ631913.1|	88.57	105	8	4	1114	1216	6545	6647	7e-29	  122	5308	7560	24	2
gi|129562016|gb|EF462981.1|	gi|197239848|gb|EF462978.2|	76.73	520	43	11	1120	1620	634	1094	8e-117	  414	5308	6010	19	9
gi|129562016|gb|EF462981.1|	gi|197239848|gb|EF462978.2|	87.61	331	38	3	4376	4704	5319	5648	5e-113	  401	5308	6010	19	6
gi|129562016|gb|EF462981.1|	gi|197239848|gb|EF462978.2|	85.25	183	18	5	4855	5030	5830	6010	1e-50	  194	5308	6010	19	3
gi|129562016|gb|EF462981.1|	gi|197239848|gb|EF462978.2|	88.57	105	8	4	1114	1216	220	322	7e-29	  122	5308	6010	19	2
gi|129562016|gb|EF462981.1|	gi|129562017|gb|EF193005.1|	77.63	228	50	1	840	1067	715	941	1e-45	  178	5308	9210	4	4
gi|129562017|gb|EF193005.1|	gi|129562017|gb|EF193005.1|	100.00	9210	0	0	1	9210	1	9210	0.0	16554	9210	9210	100	100
gi|129562017|gb|EF193005.1|	gi|129562017|gb|EF193005.1|	82.51	549	92	3	4073	4619	2564	3110	1e-156	  547	9210	9210	100	6
gi|129562017|gb|EF193005.1|	gi|129562017|gb|EF193005.1|	82.51	549	92	3	2564	3110	4073	4619	1e-156	  547	9210	9210	100	6
gi|129562017|gb|EF193005.1|	gi|5869814|emb|AJ249395.1|	75.64	2143	488	21	1	2128	689	2812	0.0	 1465	9210	9428	45	23
gi|129562017|gb|EF193005.1|	gi|5869814|emb|AJ249395.1|	72.58	1517	355	22	2219	3701	4402	5891	0.0	  820	9210	9428	45	16
gi|129562017|gb|EF193005.1|	gi|5869814|emb|AJ249395.1|	72.26	501	125	5	4125	4619	4806	5298	1e-72	  268	9210	9428	45	5
gi|129562017|gb|EF193005.1|	gi|108885493|gb|DQ631911.1|	75.77	2142	486	24	1	2128	688	2810	0.0	 1458	9210	7511	23	23
gi|129562017|gb|EF193005.1|	gi|129562010|gb|EF462976.1|	72.79	1514	352	18	2219	3698	117	1604	0.0	  847	9210	6604	22	16
gi|129562017|gb|EF193005.1|	gi|129562010|gb|EF462976.1|	71.10	564	141	9	4125	4675	522	1076	6e-71	  262	9210	6604	22	6
gi|129562017|gb|EF193005.1|	gi|108885494|gb|DQ631912.1|	75.41	1094	251	10	2618	3701	1010	2095	0.0	  731	9210	6400	22	12
gi|129562017|gb|EF193005.1|	gi|108885494|gb|DQ631912.1|	70.43	717	169	9	2219	2911	116	813	3e-93	  336	9210	6400	22	8
gi|129562017|gb|EF193005.1|	gi|108885494|gb|DQ631912.1|	71.45	564	139	9	4125	4675	1010	1564	1e-73	  271	9210	6400	22	6
gi|129562017|gb|EF193005.1|	gi|108885494|gb|DQ631912.1|	74.92	299	62	4	4125	4417	520	811	7e-51	  196	9210	6400	22	3
gi|129562017|gb|EF193005.1|	gi|108885497|gb|DQ631914.1|	76.57	367	61	17	7051	7410	4855	5203	1e-59	  224	9210	7472	4	4
gi|129562017|gb|EF193005.1|	gi|108885496|gb|DQ631913.1|	76.29	367	62	17	7051	7410	4985	5333	6e-58	  219	9210	7560	4	4
gi|197239848|gb|EF462978.2|	gi|197239848|gb|EF462978.2|	100.00	6010	0	0	1	6010	1	6010	0.0	10839	6010	6010	100	100
gi|197239848|gb|EF462978.2|	gi|197239848|gb|EF462978.2|	92.12	165	8	4	322	482	75	238	3e-60	  226	6010	6010	100	3
gi|197239848|gb|EF462978.2|	gi|108885496|gb|DQ631913.1|	99.73	4778	4	8	1236	6010	1	4772	0.0	 8531	6010	7560	99	79
gi|197239848|gb|EF462978.2|	gi|108885496|gb|DQ631913.1|	99.76	1235	1	2	3	1235	6326	7560	0.0	 2206	6010	7560	99	21
gi|197239848|gb|EF462978.2|	gi|108885496|gb|DQ631913.1|	92.12	165	8	4	322	482	6400	6563	3e-60	  226	6010	7560	99	3
gi|197239848|gb|EF462978.2|	gi|129562012|gb|EF462977.1|	94.86	1148	38	11	4513	5648	1728	2866	0.0	 1773	6010	3192	21	19
gi|197239848|gb|EF462978.2|	gi|129562012|gb|EF462977.1|	90.97	155	10	3	5856	6010	3042	3192	3e-54	  206	6010	3192	21	3
gi|197239848|gb|EF462978.2|	gi|108885493|gb|DQ631911.1|	95.02	1145	38	12	4513	5648	4407	5541	0.0	 1772	6010	7511	21	19
gi|197239848|gb|EF462978.2|	gi|108885493|gb|DQ631911.1|	90.97	155	10	3	5856	6010	5717	5867	3e-54	  206	6010	7511	21	3
gi|197239848|gb|EF462978.2|	gi|129562014|gb|EF462979.1|	90.64	887	40	10	4770	5646	4301	5154	0.0	 1220	6010	5480	27	15
gi|197239848|gb|EF462978.2|	gi|129562014|gb|EF462979.1|	84.50	342	19	6	29	362	576	891	6e-107	  381	6010	5480	27	6
gi|197239848|gb|EF462978.2|	gi|129562014|gb|EF462979.1|	99.30	142	1	0	1120	1261	389	530	7e-68	  251	6010	5480	27	2
gi|197239848|gb|EF462978.2|	gi|129562014|gb|EF462979.1|	89.81	157	12	3	5854	6010	5328	5480	1e-52	  201	6010	5480	27	3
gi|197239848|gb|EF462978.2|	gi|129562014|gb|EF462979.1|	80.37	163	8	3	321	482	622	761	1e-39	  158	6010	5480	27	3
gi|197239848|gb|EF462978.2|	gi|108885497|gb|DQ631914.1|	86.89	450	20	8	4770	5212	3019	3436	2e-156	  545	6010	7472	24	7
gi|197239848|gb|EF462978.2|	gi|108885497|gb|DQ631914.1|	85.20	331	13	7	40	362	6780	7082	7e-106	  378	6010	7472	24	5
gi|197239848|gb|EF462978.2|	gi|108885497|gb|DQ631914.1|	96.77	217	7	0	5430	5646	4102	4318	2e-100	  360	6010	7472	24	4
gi|197239848|gb|EF462978.2|	gi|108885497|gb|DQ631914.1|	85.76	302	22	5	1	302	6195	6475	1e-96	  347	6010	7472	24	5
gi|197239848|gb|EF462978.2|	gi|108885497|gb|DQ631914.1|	99.30	142	1	0	1120	1261	6581	6722	7e-68	  251	6010	7472	24	2
gi|197239848|gb|EF462978.2|	gi|108885497|gb|DQ631914.1|	89.81	157	12	3	5854	6010	4492	4644	1e-52	  201	6010	7472	24	3
gi|197239848|gb|EF462978.2|	gi|108885497|gb|DQ631914.1|	80.37	163	8	3	321	482	6813	6952	1e-39	  158	6010	7472	24	3
gi|197239848|gb|EF462978.2|	gi|129562015|gb|EF462980.1|	76.87	709	103	20	5319	6010	5133	5797	7e-144	  504	6010	5797	12	12
gi|197239848|gb|EF462978.2|	gi|129562016|gb|EF462981.1|	76.73	520	43	11	634	1094	1120	1620	9e-117	  414	6010	5308	18	8
gi|197239848|gb|EF462978.2|	gi|129562016|gb|EF462981.1|	87.61	331	38	3	5319	5648	4376	4704	6e-113	  401	6010	5308	18	5
gi|197239848|gb|EF462978.2|	gi|129562016|gb|EF462981.1|	85.25	183	18	5	5830	6010	4855	5030	2e-50	  194	6010	5308	18	3
gi|197239848|gb|EF462978.2|	gi|129562016|gb|EF462981.1|	88.57	105	8	4	220	322	1114	1216	8e-29	  122	6010	5308	18	2
gi|197239848|gb|EF462978.2|	gi|129562010|gb|EF462976.1|	87.99	333	33	6	5319	5648	3619	3947	2e-112	  399	6010	6604	8	5
gi|197239848|gb|EF462978.2|	gi|129562010|gb|EF462976.1|	87.04	162	15	3	5851	6010	4094	4251	2e-49	  190	6010	6604	8	3
gi|197239848|gb|EF462978.2|	gi|108885494|gb|DQ631912.1|	84.48	335	42	8	5319	5648	3348	3677	1e-95	  343	6010	6400	8	5
gi|197239848|gb|EF462978.2|	gi|108885494|gb|DQ631912.1|	86.45	155	16	3	5857	6010	3856	4006	4e-45	  176	6010	6400	8	3
gi|197239848|gb|EF462978.2|	gi|5869814|emb|AJ249395.1|	82.53	332	49	8	5319	5648	7144	7468	3e-85	  309	6010	9428	10	5
gi|197239848|gb|EF462978.2|	gi|5869814|emb|AJ249395.1|	87.10	155	12	3	5857	6010	7624	7771	3e-47	  183	6010	9428	10	3
gi|197239848|gb|EF462978.2|	gi|5869814|emb|AJ249395.1|	89.92	129	10	1	4991	5116	4182	4310	5e-44	  172	6010	9428	10	2
